<?xml version="1.0" encoding="UTF-8"?>
<!-- Generated by org.testng.reporters.JUnitXMLReporter -->
<testsuite ignored="0" hostname="L-INE-5N15T93" failures="6" tests="19" name="Edge" time="24.432" errors="0" timestamp="2025-07-16T00:44:42 IST">
  <testcase classname="com.E_Commerce.tests.RegistrationPageTest" name="Register" time="0.002">
    <skipped/>
  </testcase> <!-- Register -->
  <testcase classname="com.E_Commerce.tests.RegistrationPageTest" name="Register" time="0.001">
    <skipped/>
  </testcase> <!-- Register -->
  <testcase classname="com.E_Commerce.tests.RegistrationPageTest" name="Register" time="0.002">
    <failure type="java.lang.NullPointerException" message="Cannot invoke &amp;quot;org.openqa.selenium.WebDriver.findElement(org.openqa.selenium.By)&amp;quot; because &amp;quot;this.driver&amp;quot; is null">
      <![CDATA[java.lang.NullPointerException: Cannot invoke "org.openqa.selenium.WebDriver.findElement(org.openqa.selenium.By)" because "this.driver" is null
at com.E_Commerce.Actions.RegistrationPageAction.Register(RegistrationPageAction.java:17)
at com.E_Commerce.tests.RegistrationPageTest.Register(RegistrationPageTest.java:32)
at java.base/java.util.ArrayList.forEach(ArrayList.java:1511)
... Removed 25 stack frames]]>
    </failure>
  </testcase> <!-- Register -->
  <testcase classname="com.E_Commerce.tests.RegistrationPageTest" name="Register" time="0.002">
    <skipped/>
  </testcase> <!-- Register -->
  <testcase classname="com.E_Commerce.tests.RegistrationPageTest" name="Register" time="0.001">
    <skipped/>
  </testcase> <!-- Register -->
  <testcase classname="com.E_Commerce.tests.RegistrationPageTest" name="Register" time="0.003">
    <failure type="java.lang.NullPointerException" message="Cannot invoke &amp;quot;org.openqa.selenium.WebDriver.findElement(org.openqa.selenium.By)&amp;quot; because &amp;quot;this.driver&amp;quot; is null">
      <![CDATA[java.lang.NullPointerException: Cannot invoke "org.openqa.selenium.WebDriver.findElement(org.openqa.selenium.By)" because "this.driver" is null
at com.E_Commerce.Actions.RegistrationPageAction.Register(RegistrationPageAction.java:17)
at com.E_Commerce.tests.RegistrationPageTest.Register(RegistrationPageTest.java:32)
at java.base/java.util.ArrayList.forEach(ArrayList.java:1511)
... Removed 25 stack frames]]>
    </failure>
  </testcase> <!-- Register -->
  <testcase classname="com.E_Commerce.tests.RegistrationPageTest" name="Register" time="0.001">
    <skipped/>
  </testcase> <!-- Register -->
  <testcase classname="com.E_Commerce.tests.RegistrationPageTest" name="Register" time="0.002">
    <skipped/>
  </testcase> <!-- Register -->
  <testcase classname="com.E_Commerce.tests.RegistrationPageTest" name="Register" time="0.001">
    <failure type="java.lang.NullPointerException" message="Cannot invoke &amp;quot;org.openqa.selenium.WebDriver.findElement(org.openqa.selenium.By)&amp;quot; because &amp;quot;this.driver&amp;quot; is null">
      <![CDATA[java.lang.NullPointerException: Cannot invoke "org.openqa.selenium.WebDriver.findElement(org.openqa.selenium.By)" because "this.driver" is null
at com.E_Commerce.Actions.RegistrationPageAction.Register(RegistrationPageAction.java:17)
at com.E_Commerce.tests.RegistrationPageTest.Register(RegistrationPageTest.java:32)
at java.base/java.util.ArrayList.forEach(ArrayList.java:1511)
... Removed 25 stack frames]]>
    </failure>
  </testcase> <!-- Register -->
  <testcase classname="com.E_Commerce.tests.RegistrationPageTest" name="Register" time="0.002">
    <skipped/>
  </testcase> <!-- Register -->
  <testcase classname="com.E_Commerce.tests.RegistrationPageTest" name="Register" time="0.001">
    <skipped/>
  </testcase> <!-- Register -->
  <testcase classname="com.E_Commerce.tests.RegistrationPageTest" name="Register" time="0.002">
    <failure type="java.lang.NullPointerException" message="Cannot invoke &amp;quot;org.openqa.selenium.WebDriver.findElement(org.openqa.selenium.By)&amp;quot; because &amp;quot;this.driver&amp;quot; is null">
      <![CDATA[java.lang.NullPointerException: Cannot invoke "org.openqa.selenium.WebDriver.findElement(org.openqa.selenium.By)" because "this.driver" is null
at com.E_Commerce.Actions.RegistrationPageAction.Register(RegistrationPageAction.java:17)
at com.E_Commerce.tests.RegistrationPageTest.Register(RegistrationPageTest.java:32)
at java.base/java.util.ArrayList.forEach(ArrayList.java:1511)
... Removed 25 stack frames]]>
    </failure>
  </testcase> <!-- Register -->
  <testcase classname="com.E_Commerce.tests.RegistrationPageTest" name="Register" time="0.003">
    <skipped/>
  </testcase> <!-- Register -->
  <testcase classname="com.E_Commerce.tests.RegistrationPageTest" name="Register" time="0.002">
    <skipped/>
  </testcase> <!-- Register -->
  <testcase classname="com.E_Commerce.tests.RegistrationPageTest" name="Register" time="0.003">
    <failure type="java.lang.NullPointerException" message="Cannot invoke &amp;quot;org.openqa.selenium.WebDriver.findElement(org.openqa.selenium.By)&amp;quot; because &amp;quot;this.driver&amp;quot; is null">
      <![CDATA[java.lang.NullPointerException: Cannot invoke "org.openqa.selenium.WebDriver.findElement(org.openqa.selenium.By)" because "this.driver" is null
at com.E_Commerce.Actions.RegistrationPageAction.Register(RegistrationPageAction.java:17)
at com.E_Commerce.tests.RegistrationPageTest.Register(RegistrationPageTest.java:32)
at java.base/java.util.ArrayList.forEach(ArrayList.java:1511)
... Removed 25 stack frames]]>
    </failure>
  </testcase> <!-- Register -->
  <testcase classname="com.E_Commerce.tests.RegistrationPageTest" name="Register" time="0.002">
    <skipped/>
  </testcase> <!-- Register -->
  <testcase classname="com.E_Commerce.tests.RegistrationPageTest" name="Register" time="0.002">
    <skipped/>
  </testcase> <!-- Register -->
  <testcase classname="com.E_Commerce.tests.RegistrationPageTest" name="Register" time="0.002">
    <failure type="java.lang.NullPointerException" message="Cannot invoke &amp;quot;org.openqa.selenium.WebDriver.findElement(org.openqa.selenium.By)&amp;quot; because &amp;quot;this.driver&amp;quot; is null">
      <![CDATA[java.lang.NullPointerException: Cannot invoke "org.openqa.selenium.WebDriver.findElement(org.openqa.selenium.By)" because "this.driver" is null
at com.E_Commerce.Actions.RegistrationPageAction.Register(RegistrationPageAction.java:17)
at com.E_Commerce.tests.RegistrationPageTest.Register(RegistrationPageTest.java:32)
at java.base/java.util.ArrayList.forEach(ArrayList.java:1511)
... Removed 25 stack frames]]>
    </failure>
  </testcase> <!-- Register -->
  <testcase classname="com.E_Commerce.tests.LoginPageTest" name="login" time="2.34"/>
</testsuite> <!-- Edge -->
