[DEBUG] 2025-10-15 11:38:42.035 [main] TestNG - suiteXmlPath: "C:\Project\E-Commers-WebSite-Automation\E-Commerce\testng.xml"
[INFO ] 2025-10-15 11:38:43.076 [main] Utils - [TestNG] Running:
  C:\Project\E-Commers-WebSite-Automation\E-Commerce\testng.xml

[INFO ] 2025-10-15 11:38:43.106 [main] listeners - Test Suite Started: Chrome
[ERROR] 2025-10-15 11:38:43.217 [main] listeners - Test Failed: Register
java.lang.RuntimeException: java.io.FileNotFoundException: src\test\ resources\RegistrationData.xlsx (The system cannot find the path specified)
	at org.testng.internal.invokers.MethodInvocationHelper.invokeMethodNoCheckedException(MethodInvocationHelper.java:57) ~[org.testng_7.8.0.r202306071539.jar:7.8.0]
	at org.testng.internal.invokers.MethodInvocationHelper.invokeDataProvider(MethodInvocationHelper.java:157) ~[org.testng_7.8.0.r202306071539.jar:7.8.0]
	at org.testng.internal.Parameters.handleParameters(Parameters.java:803) ~[org.testng_7.8.0.r202306071539.jar:7.8.0]
	at org.testng.internal.Parameters.handleParameters(Parameters.java:728) ~[org.testng_7.8.0.r202306071539.jar:7.8.0]
	at org.testng.internal.invokers.ParameterHandler.handleParameters(ParameterHandler.java:72) ~[org.testng_7.8.0.r202306071539.jar:7.8.0]
	at org.testng.internal.invokers.ParameterHandler.createParameters(ParameterHandler.java:51) ~[org.testng_7.8.0.r202306071539.jar:7.8.0]
	at org.testng.internal.invokers.TestInvoker$MethodInvocationAgent.invoke(TestInvoker.java:911) ~[org.testng_7.8.0.r202306071539.jar:7.8.0]
	at org.testng.internal.invokers.TestInvoker.invokeTestMethods(TestInvoker.java:200) ~[org.testng_7.8.0.r202306071539.jar:7.8.0]
	at org.testng.internal.invokers.TestMethodWorker.invokeTestMethods(TestMethodWorker.java:148) ~[org.testng_7.8.0.r202306071539.jar:7.8.0]
	at org.testng.internal.invokers.TestMethodWorker.run(TestMethodWorker.java:128) ~[org.testng_7.8.0.r202306071539.jar:7.8.0]
	at java.util.ArrayList.forEach(ArrayList.java:1511) [?:?]
	at org.testng.TestRunner.privateRun(TestRunner.java:848) [org.testng_7.8.0.r202306071539.jar:7.8.0]
	at org.testng.TestRunner.run(TestRunner.java:621) [org.testng_7.8.0.r202306071539.jar:7.8.0]
	at org.testng.SuiteRunner.runTest(SuiteRunner.java:443) [org.testng_7.8.0.r202306071539.jar:7.8.0]
	at org.testng.SuiteRunner.runSequentially(SuiteRunner.java:437) [org.testng_7.8.0.r202306071539.jar:7.8.0]
	at org.testng.SuiteRunner.privateRun(SuiteRunner.java:397) [org.testng_7.8.0.r202306071539.jar:7.8.0]
	at org.testng.SuiteRunner.run(SuiteRunner.java:336) [org.testng_7.8.0.r202306071539.jar:7.8.0]
	at org.testng.SuiteRunnerWorker.runSuite(SuiteRunnerWorker.java:52) [org.testng_7.8.0.r202306071539.jar:7.8.0]
	at org.testng.SuiteRunnerWorker.run(SuiteRunnerWorker.java:95) [org.testng_7.8.0.r202306071539.jar:7.8.0]
	at org.testng.TestNG.runSuitesSequentially(TestNG.java:1280) [org.testng_7.8.0.r202306071539.jar:7.8.0]
	at org.testng.TestNG.runSuitesLocally(TestNG.java:1200) [org.testng_7.8.0.r202306071539.jar:7.8.0]
	at org.testng.TestNG.runSuites(TestNG.java:1114) [org.testng_7.8.0.r202306071539.jar:7.8.0]
	at org.testng.TestNG.run(TestNG.java:1082) [org.testng_7.8.0.r202306071539.jar:7.8.0]
	at org.testng.remote.AbstractRemoteTestNG.run(AbstractRemoteTestNG.java:115) [testng-remote.jar:?]
	at org.testng.remote.RemoteTestNG.initAndRun(RemoteTestNG.java:251) [testng-remote.jar:?]
	at org.testng.remote.RemoteTestNG.main(RemoteTestNG.java:77) [testng-remote.jar:?]
Caused by: java.io.FileNotFoundException: src\test\ resources\RegistrationData.xlsx (The system cannot find the path specified)
	at java.io.FileInputStream.open0(Native Method) ~[?:?]
	at java.io.FileInputStream.open(FileInputStream.java:219) ~[?:?]
	at java.io.FileInputStream.<init>(FileInputStream.java:158) ~[?:?]
	at java.io.FileInputStream.<init>(FileInputStream.java:112) ~[?:?]
	at com.E_Commerce.Utils.ExcelUtils.getExcelData(ExcelUtils.java:12) ~[test-classes/:?]
	at com.E_Commerce.tests.RegistrationPageTest.RegistrationData(RegistrationPageTest.java:27) ~[test-classes/:?]
	at jdk.internal.reflect.DirectMethodHandleAccessor.invoke(DirectMethodHandleAccessor.java:104) ~[?:?]
	at java.lang.reflect.Method.invoke(Method.java:578) ~[?:?]
	at org.testng.internal.invokers.MethodInvocationHelper.invokeMethod(MethodInvocationHelper.java:139) ~[org.testng_7.8.0.r202306071539.jar:7.8.0]
	at org.testng.internal.invokers.MethodInvocationHelper.invokeMethod(MethodInvocationHelper.java:84) ~[org.testng_7.8.0.r202306071539.jar:7.8.0]
	at org.testng.internal.invokers.MethodInvocationHelper.invokeMethodNoCheckedException(MethodInvocationHelper.java:53) ~[org.testng_7.8.0.r202306071539.jar:7.8.0]
	... 25 more
[INFO ] 2025-10-15 11:38:43.773 [main] listeners - Test Suite Finished: Chrome
[DEBUG] 2025-10-15 11:40:04.008 [main] TestNG - suiteXmlPath: "C:\Project\E-Commers-WebSite-Automation\E-Commerce\testng.xml"
[INFO ] 2025-10-15 11:40:05.106 [main] Utils - [TestNG] Running:
  C:\Project\E-Commers-WebSite-Automation\E-Commerce\testng.xml

[INFO ] 2025-10-15 11:40:05.148 [main] listeners - Test Suite Started: Chrome
[ERROR] 2025-10-15 11:40:05.235 [main] listeners - Test Failed: Register
java.lang.RuntimeException: java.io.FileNotFoundException: src\test\ resources\RegistrationData.xlsx (The system cannot find the path specified)
	at org.testng.internal.invokers.MethodInvocationHelper.invokeMethodNoCheckedException(MethodInvocationHelper.java:57) ~[org.testng_7.8.0.r202306071539.jar:7.8.0]
	at org.testng.internal.invokers.MethodInvocationHelper.invokeDataProvider(MethodInvocationHelper.java:157) ~[org.testng_7.8.0.r202306071539.jar:7.8.0]
	at org.testng.internal.Parameters.handleParameters(Parameters.java:803) ~[org.testng_7.8.0.r202306071539.jar:7.8.0]
	at org.testng.internal.Parameters.handleParameters(Parameters.java:728) ~[org.testng_7.8.0.r202306071539.jar:7.8.0]
	at org.testng.internal.invokers.ParameterHandler.handleParameters(ParameterHandler.java:72) ~[org.testng_7.8.0.r202306071539.jar:7.8.0]
	at org.testng.internal.invokers.ParameterHandler.createParameters(ParameterHandler.java:51) ~[org.testng_7.8.0.r202306071539.jar:7.8.0]
	at org.testng.internal.invokers.TestInvoker$MethodInvocationAgent.invoke(TestInvoker.java:911) ~[org.testng_7.8.0.r202306071539.jar:7.8.0]
	at org.testng.internal.invokers.TestInvoker.invokeTestMethods(TestInvoker.java:200) ~[org.testng_7.8.0.r202306071539.jar:7.8.0]
	at org.testng.internal.invokers.TestMethodWorker.invokeTestMethods(TestMethodWorker.java:148) ~[org.testng_7.8.0.r202306071539.jar:7.8.0]
	at org.testng.internal.invokers.TestMethodWorker.run(TestMethodWorker.java:128) ~[org.testng_7.8.0.r202306071539.jar:7.8.0]
	at java.util.ArrayList.forEach(ArrayList.java:1511) [?:?]
	at org.testng.TestRunner.privateRun(TestRunner.java:848) [org.testng_7.8.0.r202306071539.jar:7.8.0]
	at org.testng.TestRunner.run(TestRunner.java:621) [org.testng_7.8.0.r202306071539.jar:7.8.0]
	at org.testng.SuiteRunner.runTest(SuiteRunner.java:443) [org.testng_7.8.0.r202306071539.jar:7.8.0]
	at org.testng.SuiteRunner.runSequentially(SuiteRunner.java:437) [org.testng_7.8.0.r202306071539.jar:7.8.0]
	at org.testng.SuiteRunner.privateRun(SuiteRunner.java:397) [org.testng_7.8.0.r202306071539.jar:7.8.0]
	at org.testng.SuiteRunner.run(SuiteRunner.java:336) [org.testng_7.8.0.r202306071539.jar:7.8.0]
	at org.testng.SuiteRunnerWorker.runSuite(SuiteRunnerWorker.java:52) [org.testng_7.8.0.r202306071539.jar:7.8.0]
	at org.testng.SuiteRunnerWorker.run(SuiteRunnerWorker.java:95) [org.testng_7.8.0.r202306071539.jar:7.8.0]
	at org.testng.TestNG.runSuitesSequentially(TestNG.java:1280) [org.testng_7.8.0.r202306071539.jar:7.8.0]
	at org.testng.TestNG.runSuitesLocally(TestNG.java:1200) [org.testng_7.8.0.r202306071539.jar:7.8.0]
	at org.testng.TestNG.runSuites(TestNG.java:1114) [org.testng_7.8.0.r202306071539.jar:7.8.0]
	at org.testng.TestNG.run(TestNG.java:1082) [org.testng_7.8.0.r202306071539.jar:7.8.0]
	at org.testng.remote.AbstractRemoteTestNG.run(AbstractRemoteTestNG.java:115) [testng-remote.jar:?]
	at org.testng.remote.RemoteTestNG.initAndRun(RemoteTestNG.java:251) [testng-remote.jar:?]
	at org.testng.remote.RemoteTestNG.main(RemoteTestNG.java:77) [testng-remote.jar:?]
Caused by: java.io.FileNotFoundException: src\test\ resources\RegistrationData.xlsx (The system cannot find the path specified)
	at java.io.FileInputStream.open0(Native Method) ~[?:?]
	at java.io.FileInputStream.open(FileInputStream.java:219) ~[?:?]
	at java.io.FileInputStream.<init>(FileInputStream.java:158) ~[?:?]
	at java.io.FileInputStream.<init>(FileInputStream.java:112) ~[?:?]
	at com.E_Commerce.Utils.ExcelUtils.getExcelData(ExcelUtils.java:12) ~[test-classes/:?]
	at com.E_Commerce.tests.RegistrationPageTest.RegistrationData(RegistrationPageTest.java:27) ~[test-classes/:?]
	at jdk.internal.reflect.DirectMethodHandleAccessor.invoke(DirectMethodHandleAccessor.java:104) ~[?:?]
	at java.lang.reflect.Method.invoke(Method.java:578) ~[?:?]
	at org.testng.internal.invokers.MethodInvocationHelper.invokeMethod(MethodInvocationHelper.java:139) ~[org.testng_7.8.0.r202306071539.jar:7.8.0]
	at org.testng.internal.invokers.MethodInvocationHelper.invokeMethod(MethodInvocationHelper.java:84) ~[org.testng_7.8.0.r202306071539.jar:7.8.0]
	at org.testng.internal.invokers.MethodInvocationHelper.invokeMethodNoCheckedException(MethodInvocationHelper.java:53) ~[org.testng_7.8.0.r202306071539.jar:7.8.0]
	... 25 more
[INFO ] 2025-10-15 11:40:05.699 [main] listeners - Test Suite Finished: Chrome
[DEBUG] 2025-10-15 11:45:43.463 [main] TestNG - suiteXmlPath: "C:\Project\E-Commers-WebSite-Automation\E-Commerce\testng.xml"
[INFO ] 2025-10-15 11:45:44.528 [main] Utils - [TestNG] Running:
  C:\Project\E-Commers-WebSite-Automation\E-Commerce\testng.xml

[INFO ] 2025-10-15 11:45:44.565 [main] listeners - Test Suite Started: Chrome
[ERROR] 2025-10-15 11:45:44.656 [main] listeners - Test Failed: Register
java.lang.RuntimeException: java.io.FileNotFoundException: src\test\ resources\RegistrationData.xlsx (The system cannot find the path specified)
	at org.testng.internal.invokers.MethodInvocationHelper.invokeMethodNoCheckedException(MethodInvocationHelper.java:57) ~[org.testng_7.8.0.r202306071539.jar:7.8.0]
	at org.testng.internal.invokers.MethodInvocationHelper.invokeDataProvider(MethodInvocationHelper.java:157) ~[org.testng_7.8.0.r202306071539.jar:7.8.0]
	at org.testng.internal.Parameters.handleParameters(Parameters.java:803) ~[org.testng_7.8.0.r202306071539.jar:7.8.0]
	at org.testng.internal.Parameters.handleParameters(Parameters.java:728) ~[org.testng_7.8.0.r202306071539.jar:7.8.0]
	at org.testng.internal.invokers.ParameterHandler.handleParameters(ParameterHandler.java:72) ~[org.testng_7.8.0.r202306071539.jar:7.8.0]
	at org.testng.internal.invokers.ParameterHandler.createParameters(ParameterHandler.java:51) ~[org.testng_7.8.0.r202306071539.jar:7.8.0]
	at org.testng.internal.invokers.TestInvoker$MethodInvocationAgent.invoke(TestInvoker.java:911) ~[org.testng_7.8.0.r202306071539.jar:7.8.0]
	at org.testng.internal.invokers.TestInvoker.invokeTestMethods(TestInvoker.java:200) ~[org.testng_7.8.0.r202306071539.jar:7.8.0]
	at org.testng.internal.invokers.TestMethodWorker.invokeTestMethods(TestMethodWorker.java:148) ~[org.testng_7.8.0.r202306071539.jar:7.8.0]
	at org.testng.internal.invokers.TestMethodWorker.run(TestMethodWorker.java:128) ~[org.testng_7.8.0.r202306071539.jar:7.8.0]
	at java.util.ArrayList.forEach(ArrayList.java:1511) [?:?]
	at org.testng.TestRunner.privateRun(TestRunner.java:848) [org.testng_7.8.0.r202306071539.jar:7.8.0]
	at org.testng.TestRunner.run(TestRunner.java:621) [org.testng_7.8.0.r202306071539.jar:7.8.0]
	at org.testng.SuiteRunner.runTest(SuiteRunner.java:443) [org.testng_7.8.0.r202306071539.jar:7.8.0]
	at org.testng.SuiteRunner.runSequentially(SuiteRunner.java:437) [org.testng_7.8.0.r202306071539.jar:7.8.0]
	at org.testng.SuiteRunner.privateRun(SuiteRunner.java:397) [org.testng_7.8.0.r202306071539.jar:7.8.0]
	at org.testng.SuiteRunner.run(SuiteRunner.java:336) [org.testng_7.8.0.r202306071539.jar:7.8.0]
	at org.testng.SuiteRunnerWorker.runSuite(SuiteRunnerWorker.java:52) [org.testng_7.8.0.r202306071539.jar:7.8.0]
	at org.testng.SuiteRunnerWorker.run(SuiteRunnerWorker.java:95) [org.testng_7.8.0.r202306071539.jar:7.8.0]
	at org.testng.TestNG.runSuitesSequentially(TestNG.java:1280) [org.testng_7.8.0.r202306071539.jar:7.8.0]
	at org.testng.TestNG.runSuitesLocally(TestNG.java:1200) [org.testng_7.8.0.r202306071539.jar:7.8.0]
	at org.testng.TestNG.runSuites(TestNG.java:1114) [org.testng_7.8.0.r202306071539.jar:7.8.0]
	at org.testng.TestNG.run(TestNG.java:1082) [org.testng_7.8.0.r202306071539.jar:7.8.0]
	at org.testng.remote.AbstractRemoteTestNG.run(AbstractRemoteTestNG.java:115) [testng-remote.jar:?]
	at org.testng.remote.RemoteTestNG.initAndRun(RemoteTestNG.java:251) [testng-remote.jar:?]
	at org.testng.remote.RemoteTestNG.main(RemoteTestNG.java:77) [testng-remote.jar:?]
Caused by: java.io.FileNotFoundException: src\test\ resources\RegistrationData.xlsx (The system cannot find the path specified)
	at java.io.FileInputStream.open0(Native Method) ~[?:?]
	at java.io.FileInputStream.open(FileInputStream.java:219) ~[?:?]
	at java.io.FileInputStream.<init>(FileInputStream.java:158) ~[?:?]
	at java.io.FileInputStream.<init>(FileInputStream.java:112) ~[?:?]
	at com.E_Commerce.Utils.ExcelUtils.getExcelData(ExcelUtils.java:12) ~[test-classes/:?]
	at com.E_Commerce.tests.RegistrationPageTest.RegistrationData(RegistrationPageTest.java:27) ~[test-classes/:?]
	at jdk.internal.reflect.DirectMethodHandleAccessor.invoke(DirectMethodHandleAccessor.java:104) ~[?:?]
	at java.lang.reflect.Method.invoke(Method.java:578) ~[?:?]
	at org.testng.internal.invokers.MethodInvocationHelper.invokeMethod(MethodInvocationHelper.java:139) ~[org.testng_7.8.0.r202306071539.jar:7.8.0]
	at org.testng.internal.invokers.MethodInvocationHelper.invokeMethod(MethodInvocationHelper.java:84) ~[org.testng_7.8.0.r202306071539.jar:7.8.0]
	at org.testng.internal.invokers.MethodInvocationHelper.invokeMethodNoCheckedException(MethodInvocationHelper.java:53) ~[org.testng_7.8.0.r202306071539.jar:7.8.0]
	... 25 more
[INFO ] 2025-10-15 11:45:45.255 [main] listeners - Test Suite Finished: Chrome
[DEBUG] 2025-10-15 11:48:06.257 [main] TestNG - suiteXmlPath: "C:\Users\ctawade\AppData\Local\Temp\testng-eclipse-1613644431\testng-customsuite.xml"
[INFO ] 2025-10-15 11:48:06.990 [main] Utils - [Utils] MethodGroupsHelper.collectMethodsByGroup() took 2 ms.
[INFO ] 2025-10-15 11:48:06.996 [main] Utils - [Utils] MethodGroupsHelper.sortMethods() took 2 ms.
[INFO ] 2025-10-15 11:48:06.999 [main] Utils - [Utils] MethodGroupsHelper.collectMethodsByGroup() took 0 ms.
[INFO ] 2025-10-15 11:48:06.999 [main] Utils - [Utils] MethodGroupsHelper.sortMethods() took 0 ms.
[INFO ] 2025-10-15 11:48:07.001 [main] Utils - [Utils] MethodGroupsHelper.collectMethodsByGroup() took 0 ms.
[INFO ] 2025-10-15 11:48:07.001 [main] Utils - [Utils] MethodGroupsHelper.sortMethods() took 0 ms.
[INFO ] 2025-10-15 11:48:07.002 [main] Utils - [Utils] MethodGroupsHelper.collectMethodsByGroup() took 0 ms.
[INFO ] 2025-10-15 11:48:07.002 [main] Utils - [Utils] MethodGroupsHelper.sortMethods() took 0 ms.
[INFO ] 2025-10-15 11:48:07.010 [main] Utils - [Utils] MethodGroupsHelper.collectMethodsByGroup() took 5 ms.
[INFO ] 2025-10-15 11:48:07.032 [main] Utils - [Utils] MethodGroupsHelper.sortMethods() took 21 ms.
[INFO ] 2025-10-15 11:48:07.035 [main] Utils - [Utils] MethodGroupsHelper.collectMethodsByGroup() took 0 ms.
[INFO ] 2025-10-15 11:48:07.035 [main] Utils - [Utils] MethodGroupsHelper.sortMethods() took 0 ms.
[INFO ] 2025-10-15 11:48:07.037 [main] Utils - [Utils] MethodGroupsHelper.collectMethodsByGroup() took 0 ms.
[INFO ] 2025-10-15 11:48:07.037 [main] Utils - [Utils] MethodGroupsHelper.sortMethods() took 0 ms.
[INFO ] 2025-10-15 11:48:07.038 [main] Utils - [Utils] MethodGroupsHelper.collectMethodsByGroup() took 0 ms.
[INFO ] 2025-10-15 11:48:07.039 [main] Utils - [Utils] MethodGroupsHelper.sortMethods() took 0 ms.
[INFO ] 2025-10-15 11:48:07.044 [main] Utils - [Utils] MethodGroupsHelper.collectMethodsByGroup() took 0 ms.
[INFO ] 2025-10-15 11:48:07.045 [main] Utils - [Utils] MethodGroupsHelper.sortMethods() took 0 ms.
[INFO ] 2025-10-15 11:48:07.046 [main] Utils - [Utils] MethodGroupsHelper.collectMethodsByGroup() took 0 ms.
[INFO ] 2025-10-15 11:48:07.046 [main] Utils - [Utils] MethodGroupsHelper.sortMethods() took 0 ms.
[INFO ] 2025-10-15 11:48:07.048 [main] Utils - [Utils] MethodGroupsHelper.collectMethodsByGroup() took 0 ms.
[INFO ] 2025-10-15 11:48:07.048 [main] Utils - [Utils] MethodGroupsHelper.sortMethods() took 0 ms.
[INFO ] 2025-10-15 11:48:07.048 [main] Utils - [Utils] MethodGroupsHelper.collectMethodsByGroup() took 0 ms.
[INFO ] 2025-10-15 11:48:07.048 [main] Utils - [Utils] MethodGroupsHelper.sortMethods() took 0 ms.
[INFO ] 2025-10-15 11:48:07.050 [main] Utils - [Utils] MethodGroupsHelper.collectMethodsByGroup() took 1 ms.
[INFO ] 2025-10-15 11:48:07.051 [main] Utils - [Utils] MethodGroupsHelper.sortMethods() took 0 ms.
[INFO ] 2025-10-15 11:48:07.053 [main] Utils - [Utils] MethodGroupsHelper.collectMethodsByGroup() took 0 ms.
[INFO ] 2025-10-15 11:48:07.054 [main] Utils - [Utils] MethodGroupsHelper.sortMethods() took 0 ms.
[INFO ] 2025-10-15 11:48:07.054 [main] Utils - [Utils] MethodGroupsHelper.collectMethodsByGroup() took 0 ms.
[INFO ] 2025-10-15 11:48:07.054 [main] Utils - [Utils] MethodGroupsHelper.sortMethods() took 0 ms.
[INFO ] 2025-10-15 11:48:07.071 [main] Utils - [TestNG] Running:
  C:\Users\ctawade\AppData\Local\Temp\testng-eclipse-1613644431\testng-customsuite.xml

[INFO ] 2025-10-15 11:48:07.116 [main] Utils - [Utils] DynamicGraphHelper.createDynamicGraph() took 11 ms.
[ERROR] 2025-10-15 11:48:07.208 [main] Utils - [Error] java.io.FileNotFoundException: src\test\ resources\RegistrationData.xlsx (The system cannot find the path specified)
	at java.base/java.io.FileInputStream.open0(Native Method)
	at java.base/java.io.FileInputStream.open(FileInputStream.java:219)
	at java.base/java.io.FileInputStream.&lt;init&gt;(FileInputStream.java:158)
	at java.base/java.io.FileInputStream.&lt;init&gt;(FileInputStream.java:112)
	at com.E_Commerce.Utils.ExcelUtils.getExcelData(ExcelUtils.java:12)
	at com.E_Commerce.tests.RegistrationPageTest.RegistrationData(RegistrationPageTest.java:27)
	at java.base/jdk.internal.reflect.DirectMethodHandleAccessor.invoke(DirectMethodHandleAccessor.java:104)
	at java.base/java.lang.reflect.Method.invoke(Method.java:578)
	at org.testng.internal.invokers.MethodInvocationHelper.invokeMethod(MethodInvocationHelper.java:139)
	at org.testng.internal.invokers.MethodInvocationHelper.invokeMethod(MethodInvocationHelper.java:84)
	at org.testng.internal.invokers.MethodInvocationHelper.invokeMethodNoCheckedException(MethodInvocationHelper.java:53)
	at org.testng.internal.invokers.MethodInvocationHelper.invokeDataProvider(MethodInvocationHelper.java:157)
	at org.testng.internal.Parameters.handleParameters(Parameters.java:803)
	at org.testng.internal.Parameters.handleParameters(Parameters.java:728)
	at org.testng.internal.invokers.ParameterHandler.handleParameters(ParameterHandler.java:72)
	at org.testng.internal.invokers.ParameterHandler.createParameters(ParameterHandler.java:51)
	at org.testng.internal.invokers.TestInvoker$MethodInvocationAgent.invoke(TestInvoker.java:911)
	at org.testng.internal.invokers.TestInvoker.invokeTestMethods(TestInvoker.java:200)
	at org.testng.internal.invokers.TestMethodWorker.invokeTestMethods(TestMethodWorker.java:148)
	at org.testng.internal.invokers.TestMethodWorker.run(TestMethodWorker.java:128)
	at java.base/java.util.ArrayList.forEach(ArrayList.java:1511)
	at org.testng.TestRunner.privateRun(TestRunner.java:848)
	at org.testng.TestRunner.run(TestRunner.java:621)
	at org.testng.SuiteRunner.runTest(SuiteRunner.java:443)
	at org.testng.SuiteRunner.runSequentially(SuiteRunner.java:437)
	at org.testng.SuiteRunner.privateRun(SuiteRunner.java:397)
	at org.testng.SuiteRunner.run(SuiteRunner.java:336)
	at org.testng.SuiteRunnerWorker.runSuite(SuiteRunnerWorker.java:52)
	at org.testng.SuiteRunnerWorker.run(SuiteRunnerWorker.java:95)
	at org.testng.TestNG.runSuitesSequentially(TestNG.java:1280)
	at org.testng.TestNG.runSuitesLocally(TestNG.java:1200)
	at org.testng.TestNG.runSuites(TestNG.java:1114)
	at org.testng.TestNG.run(TestNG.java:1082)
	at org.testng.remote.AbstractRemoteTestNG.run(AbstractRemoteTestNG.java:115)
	at org.testng.remote.RemoteTestNG.initAndRun(RemoteTestNG.java:251)
	at org.testng.remote.RemoteTestNG.main(RemoteTestNG.java:77)

[INFO ] 2025-10-15 11:48:07.461 [main] Utils - [TestNG] Time taken by org.testng.reporters.SuiteHTMLReporter@6c451c9c: 109 ms
[INFO ] 2025-10-15 11:48:07.694 [main] Utils - [TestNG] Time taken by org.testng.reporters.jq.Main@28a2a3e7: 233 ms
[INFO ] 2025-10-15 11:48:07.717 [main] Utils - [TestNG] Time taken by org.testng.reporters.FailedReporter@18e8473e: 23 ms
[INFO ] 2025-10-15 11:48:07.736 [main] Utils - [TestNG] Time taken by org.testng.reporters.XMLReporter@15deb1dc: 19 ms
[INFO ] 2025-10-15 11:48:07.752 [main] Utils - [TestNG] Time taken by org.testng.reporters.EmailableReporter2@3e792ce3: 15 ms
[INFO ] 2025-10-15 11:48:07.780 [main] Utils - [TestNG] Time taken by org.testng.reporters.JUnitReportReporter@1968a49c: 28 ms
[INFO ] 2025-10-15 11:48:07.781 [main] Utils - [TestNG] Time taken by org.testng.internal.ExitCodeListener@6a1ebcff: 0 ms
[DEBUG] 2025-10-15 11:49:12.202 [main] TestNG - suiteXmlPath: "C:\Project\E-Commers-WebSite-Automation\E-Commerce\testng.xml"
[INFO ] 2025-10-15 11:49:13.093 [main] Utils - [TestNG] Running:
  C:\Project\E-Commers-WebSite-Automation\E-Commerce\testng.xml

[DEBUG] 2025-10-15 11:57:30.776 [main] TestNG - suiteXmlPath: "C:\Project\E-Commers-WebSite-Automation\E-Commerce\testng.xml"
[INFO ] 2025-10-15 11:57:32.046 [main] Utils - [TestNG] Running:
  C:\Project\E-Commers-WebSite-Automation\E-Commerce\testng.xml

[DEBUG] 2025-10-15 12:01:20.396 [main] TestNG - suiteXmlPath: "C:\Project\E-Commers-WebSite-Automation\E-Commerce\testng.xml"
[INFO ] 2025-10-15 12:01:21.347 [main] Utils - [TestNG] Running:
  C:\Project\E-Commers-WebSite-Automation\E-Commerce\testng.xml

[DEBUG] 2025-10-15 12:12:24.807 [main] TestNG - suiteXmlPath: "C:\Project\E-Commers-WebSite-Automation\E-Commerce\testng.xml"
[INFO ] 2025-10-15 12:12:25.295 [main] Utils - [TestNG] Running:
  C:\Project\E-Commers-WebSite-Automation\E-Commerce\testng.xml

[DEBUG] 2025-10-15 15:57:16.847 [main] TestNG - suiteXmlPath: "C:\Project\E-Commers-WebSite-Automation\E-Commerce\testng.xml"
[INFO ] 2025-10-15 15:57:18.481 [main] Utils - [TestNG] Running:
  C:\Project\E-Commers-WebSite-Automation\E-Commerce\testng.xml

[DEBUG] 2025-10-16 11:15:49.554 [main] TestNG - suiteXmlPath: "C:\Project\E-Commers-WebSite-Automation\E-Commerce\testng.xml"
[INFO ] 2025-10-16 11:15:50.688 [main] Utils - [TestNG] Running:
  C:\Project\E-Commers-WebSite-Automation\E-Commerce\testng.xml

[INFO ] 2025-10-16 11:15:50.725 [main] listeners - Test Suite Started: Chrome
[DEBUG] 2025-10-16 11:15:51.200 [main] PackageRelationshipCollection - Parsing relationship: /xl/_rels/workbook.xml.rels
[DEBUG] 2025-10-16 11:15:51.207 [main] PackageRelationshipCollection - Parsing relationship: /xl/worksheets/_rels/sheet1.xml.rels
[DEBUG] 2025-10-16 11:15:51.210 [main] PackageRelationshipCollection - Parsing relationship: /_rels/.rels
[INFO ] 2025-10-16 11:15:52.343 [main] listeners - Test Started: Register
[INFO ] 2025-10-16 11:15:52.823 [main] listeners - Test Started: Register
[INFO ] 2025-10-16 11:15:52.831 [main] listeners - Test Started: Register
[INFO ] 2025-10-16 11:15:52.838 [main] listeners - Test Started: Register
[INFO ] 2025-10-16 11:15:52.847 [main] listeners - Test Started: Register
[INFO ] 2025-10-16 11:15:52.856 [main] listeners - Test Started: Register
[INFO ] 2025-10-16 11:15:52.877 [main] listeners - Test Started: login
[INFO ] 2025-10-16 11:15:52.882 [main] listeners - Test Suite Finished: Chrome
[INFO ] 2025-10-16 11:15:53.677 [main] listeners - Test Suite Started: Edge
[DEBUG] 2025-10-16 11:15:53.704 [main] PackageRelationshipCollection - Parsing relationship: /xl/_rels/workbook.xml.rels
[DEBUG] 2025-10-16 11:15:53.707 [main] PackageRelationshipCollection - Parsing relationship: /xl/worksheets/_rels/sheet1.xml.rels
[DEBUG] 2025-10-16 11:15:53.710 [main] PackageRelationshipCollection - Parsing relationship: /_rels/.rels
[INFO ] 2025-10-16 11:15:53.785 [main] listeners - Test Started: Register
[INFO ] 2025-10-16 11:15:53.791 [main] listeners - Test Started: Register
[INFO ] 2025-10-16 11:15:53.799 [main] listeners - Test Started: Register
[INFO ] 2025-10-16 11:15:53.804 [main] listeners - Test Started: Register
[INFO ] 2025-10-16 11:15:53.812 [main] listeners - Test Started: Register
[INFO ] 2025-10-16 11:15:53.817 [main] listeners - Test Started: Register
[INFO ] 2025-10-16 11:15:53.832 [main] listeners - Test Started: login
[INFO ] 2025-10-16 11:15:53.837 [main] listeners - Test Suite Finished: Edge
[DEBUG] 2025-10-16 12:27:25.686 [main] TestNG - suiteXmlPath: "C:\Project\E-Commers-WebSite-Automation\E-Commerce\testng.xml"
[INFO ] 2025-10-16 12:27:26.621 [main] Utils - [TestNG] Running:
  C:\Project\E-Commers-WebSite-Automation\E-Commerce\testng.xml

[INFO ] 2025-10-16 12:27:26.657 [main] listeners - Test Suite Started: Chrome
[DEBUG] 2025-10-16 12:27:39.367 [main] PackageRelationshipCollection - Parsing relationship: /xl/_rels/workbook.xml.rels
[DEBUG] 2025-10-16 12:27:39.375 [main] PackageRelationshipCollection - Parsing relationship: /xl/worksheets/_rels/sheet1.xml.rels
[DEBUG] 2025-10-16 12:27:39.380 [main] PackageRelationshipCollection - Parsing relationship: /_rels/.rels
[INFO ] 2025-10-16 12:27:40.852 [main] listeners - Test Started: Register
[INFO ] 2025-10-16 12:27:41.417 [main] RegistrationPageTest - Registration start.....!
[INFO ] 2025-10-16 12:27:45.530 [main] listeners - Test Passed: Register
[INFO ] 2025-10-16 12:27:45.547 [main] listeners - Test Started: Register
[INFO ] 2025-10-16 12:27:45.547 [main] RegistrationPageTest - Registration start.....!
[INFO ] 2025-10-16 12:27:57.122 [main] listeners - Test Passed: Register
[INFO ] 2025-10-16 12:27:57.133 [main] listeners - Test Started: Register
[INFO ] 2025-10-16 12:27:57.134 [main] RegistrationPageTest - Registration start.....!
[INFO ] 2025-10-16 12:28:00.946 [main] listeners - Test Passed: Register
[INFO ] 2025-10-16 12:28:00.961 [main] listeners - Test Started: Register
[INFO ] 2025-10-16 12:28:00.962 [main] RegistrationPageTest - Registration start.....!
[INFO ] 2025-10-16 12:28:04.632 [main] listeners - Test Passed: Register
[INFO ] 2025-10-16 12:28:04.640 [main] listeners - Test Started: Register
[INFO ] 2025-10-16 12:28:04.641 [main] RegistrationPageTest - Registration start.....!
[INFO ] 2025-10-16 12:28:07.791 [main] listeners - Test Passed: Register
[INFO ] 2025-10-16 12:28:07.800 [main] listeners - Test Started: Register
[INFO ] 2025-10-16 12:28:07.801 [main] RegistrationPageTest - Registration start.....!
[INFO ] 2025-10-16 12:28:11.124 [main] listeners - Test Passed: Register
[INFO ] 2025-10-16 12:28:21.622 [main] listeners - Test Started: login
[ERROR] 2025-10-16 12:28:21.629 [main] listeners - Test Failed: login
java.io.FileNotFoundException: src\test\ resources\config.properties (The system cannot find the path specified)
	at java.io.FileInputStream.open0(Native Method) ~[?:?]
	at java.io.FileInputStream.open(FileInputStream.java:219) ~[?:?]
	at java.io.FileInputStream.<init>(FileInputStream.java:158) ~[?:?]
	at java.io.FileInputStream.<init>(FileInputStream.java:112) ~[?:?]
	at com.E_Commerce.tests.LoginPageTest.login(LoginPageTest.java:27) ~[test-classes/:?]
	at jdk.internal.reflect.DirectMethodHandleAccessor.invoke(DirectMethodHandleAccessor.java:104) ~[?:?]
	at java.lang.reflect.Method.invoke(Method.java:578) ~[?:?]
	at org.testng.internal.invokers.MethodInvocationHelper.invokeMethod(MethodInvocationHelper.java:139) ~[org.testng_7.8.0.r202306071539.jar:7.8.0]
	at org.testng.internal.invokers.TestInvoker.invokeMethod(TestInvoker.java:664) ~[org.testng_7.8.0.r202306071539.jar:7.8.0]
	at org.testng.internal.invokers.TestInvoker.invokeTestMethod(TestInvoker.java:227) ~[org.testng_7.8.0.r202306071539.jar:7.8.0]
	at org.testng.internal.invokers.MethodRunner.runInSequence(MethodRunner.java:50) ~[org.testng_7.8.0.r202306071539.jar:7.8.0]
	at org.testng.internal.invokers.TestInvoker$MethodInvocationAgent.invoke(TestInvoker.java:957) ~[org.testng_7.8.0.r202306071539.jar:7.8.0]
	at org.testng.internal.invokers.TestInvoker.invokeTestMethods(TestInvoker.java:200) ~[org.testng_7.8.0.r202306071539.jar:7.8.0]
	at org.testng.internal.invokers.TestMethodWorker.invokeTestMethods(TestMethodWorker.java:148) ~[org.testng_7.8.0.r202306071539.jar:7.8.0]
	at org.testng.internal.invokers.TestMethodWorker.run(TestMethodWorker.java:128) ~[org.testng_7.8.0.r202306071539.jar:7.8.0]
	at java.util.ArrayList.forEach(ArrayList.java:1511) [?:?]
	at org.testng.TestRunner.privateRun(TestRunner.java:848) [org.testng_7.8.0.r202306071539.jar:7.8.0]
	at org.testng.TestRunner.run(TestRunner.java:621) [org.testng_7.8.0.r202306071539.jar:7.8.0]
	at org.testng.SuiteRunner.runTest(SuiteRunner.java:443) [org.testng_7.8.0.r202306071539.jar:7.8.0]
	at org.testng.SuiteRunner.runSequentially(SuiteRunner.java:437) [org.testng_7.8.0.r202306071539.jar:7.8.0]
	at org.testng.SuiteRunner.privateRun(SuiteRunner.java:397) [org.testng_7.8.0.r202306071539.jar:7.8.0]
	at org.testng.SuiteRunner.run(SuiteRunner.java:336) [org.testng_7.8.0.r202306071539.jar:7.8.0]
	at org.testng.SuiteRunnerWorker.runSuite(SuiteRunnerWorker.java:52) [org.testng_7.8.0.r202306071539.jar:7.8.0]
	at org.testng.SuiteRunnerWorker.run(SuiteRunnerWorker.java:95) [org.testng_7.8.0.r202306071539.jar:7.8.0]
	at org.testng.TestNG.runSuitesSequentially(TestNG.java:1280) [org.testng_7.8.0.r202306071539.jar:7.8.0]
	at org.testng.TestNG.runSuitesLocally(TestNG.java:1200) [org.testng_7.8.0.r202306071539.jar:7.8.0]
	at org.testng.TestNG.runSuites(TestNG.java:1114) [org.testng_7.8.0.r202306071539.jar:7.8.0]
	at org.testng.TestNG.run(TestNG.java:1082) [org.testng_7.8.0.r202306071539.jar:7.8.0]
	at org.testng.remote.AbstractRemoteTestNG.run(AbstractRemoteTestNG.java:115) [testng-remote.jar:?]
	at org.testng.remote.RemoteTestNG.initAndRun(RemoteTestNG.java:251) [testng-remote.jar:?]
	at org.testng.remote.RemoteTestNG.main(RemoteTestNG.java:77) [testng-remote.jar:?]
[INFO ] 2025-10-16 12:28:22.516 [main] listeners - Test Suite Finished: Chrome
[INFO ] 2025-10-16 12:28:23.389 [main] listeners - Test Suite Started: Edge
[DEBUG] 2025-10-16 12:28:32.758 [main] PackageRelationshipCollection - Parsing relationship: /xl/_rels/workbook.xml.rels
[DEBUG] 2025-10-16 12:28:32.761 [main] PackageRelationshipCollection - Parsing relationship: /xl/worksheets/_rels/sheet1.xml.rels
[DEBUG] 2025-10-16 12:28:32.763 [main] PackageRelationshipCollection - Parsing relationship: /_rels/.rels
[INFO ] 2025-10-16 12:28:32.820 [main] listeners - Test Started: Register
[INFO ] 2025-10-16 12:28:32.826 [main] listeners - Test Started: Register
[INFO ] 2025-10-16 12:28:32.835 [main] listeners - Test Started: Register
[INFO ] 2025-10-16 12:28:32.843 [main] listeners - Test Started: Register
[INFO ] 2025-10-16 12:28:32.850 [main] listeners - Test Started: Register
[INFO ] 2025-10-16 12:28:32.858 [main] listeners - Test Started: Register
[INFO ] 2025-10-16 12:28:38.249 [main] listeners - Test Started: login
[INFO ] 2025-10-16 12:28:38.254 [main] listeners - Test Suite Finished: Edge
[DEBUG] 2025-10-16 13:02:07.390 [main] TestNG - suiteXmlPath: "C:\Project\E-Commers-WebSite-Automation\E-Commerce\testng.xml"
[INFO ] 2025-10-16 13:02:08.338 [main] Utils - [TestNG] Running:
  C:\Project\E-Commers-WebSite-Automation\E-Commerce\testng.xml

[INFO ] 2025-10-16 13:02:08.364 [main] listeners - Test Suite Started: Chrome
[DEBUG] 2025-10-16 13:02:20.241 [main] PackageRelationshipCollection - Parsing relationship: /xl/_rels/workbook.xml.rels
[DEBUG] 2025-10-16 13:02:20.247 [main] PackageRelationshipCollection - Parsing relationship: /xl/worksheets/_rels/sheet1.xml.rels
[DEBUG] 2025-10-16 13:02:20.252 [main] PackageRelationshipCollection - Parsing relationship: /_rels/.rels
[INFO ] 2025-10-16 13:02:21.899 [main] listeners - Test Started: Register
[INFO ] 2025-10-16 13:02:22.535 [main] RegistrationPageTest - Registration start.....!
[INFO ] 2025-10-16 13:02:26.163 [main] listeners - Test Passed: Register
[INFO ] 2025-10-16 13:02:26.178 [main] listeners - Test Started: Register
[INFO ] 2025-10-16 13:02:26.180 [main] RegistrationPageTest - Registration start.....!
[INFO ] 2025-10-16 13:02:33.347 [main] listeners - Test Passed: Register
[INFO ] 2025-10-16 13:02:33.356 [main] listeners - Test Started: Register
[INFO ] 2025-10-16 13:02:33.357 [main] RegistrationPageTest - Registration start.....!
[INFO ] 2025-10-16 13:02:36.189 [main] listeners - Test Passed: Register
[INFO ] 2025-10-16 13:02:36.194 [main] listeners - Test Started: Register
[INFO ] 2025-10-16 13:02:36.195 [main] RegistrationPageTest - Registration start.....!
[INFO ] 2025-10-16 13:02:40.228 [main] listeners - Test Passed: Register
[INFO ] 2025-10-16 13:02:40.234 [main] listeners - Test Started: Register
[INFO ] 2025-10-16 13:02:40.235 [main] RegistrationPageTest - Registration start.....!
[INFO ] 2025-10-16 13:02:43.313 [main] listeners - Test Passed: Register
[INFO ] 2025-10-16 13:02:43.318 [main] listeners - Test Started: Register
[INFO ] 2025-10-16 13:02:43.320 [main] RegistrationPageTest - Registration start.....!
[INFO ] 2025-10-16 13:02:46.675 [main] listeners - Test Passed: Register
[INFO ] 2025-10-16 13:02:54.066 [main] listeners - Test Started: login
[ERROR] 2025-10-16 13:02:54.086 [main] listeners - Test Failed: login
java.io.FileNotFoundException: src\test\ resources\config.properties (The system cannot find the path specified)
	at java.io.FileInputStream.open0(Native Method) ~[?:?]
	at java.io.FileInputStream.open(FileInputStream.java:219) ~[?:?]
	at java.io.FileInputStream.<init>(FileInputStream.java:158) ~[?:?]
	at java.io.FileInputStream.<init>(FileInputStream.java:112) ~[?:?]
	at com.E_Commerce.tests.LoginPageTest.login(LoginPageTest.java:27) ~[test-classes/:?]
	at jdk.internal.reflect.DirectMethodHandleAccessor.invoke(DirectMethodHandleAccessor.java:104) ~[?:?]
	at java.lang.reflect.Method.invoke(Method.java:578) ~[?:?]
	at org.testng.internal.invokers.MethodInvocationHelper.invokeMethod(MethodInvocationHelper.java:139) ~[org.testng_7.8.0.r202306071539.jar:7.8.0]
	at org.testng.internal.invokers.TestInvoker.invokeMethod(TestInvoker.java:664) ~[org.testng_7.8.0.r202306071539.jar:7.8.0]
	at org.testng.internal.invokers.TestInvoker.invokeTestMethod(TestInvoker.java:227) ~[org.testng_7.8.0.r202306071539.jar:7.8.0]
	at org.testng.internal.invokers.MethodRunner.runInSequence(MethodRunner.java:50) ~[org.testng_7.8.0.r202306071539.jar:7.8.0]
	at org.testng.internal.invokers.TestInvoker$MethodInvocationAgent.invoke(TestInvoker.java:957) ~[org.testng_7.8.0.r202306071539.jar:7.8.0]
	at org.testng.internal.invokers.TestInvoker.invokeTestMethods(TestInvoker.java:200) ~[org.testng_7.8.0.r202306071539.jar:7.8.0]
	at org.testng.internal.invokers.TestMethodWorker.invokeTestMethods(TestMethodWorker.java:148) ~[org.testng_7.8.0.r202306071539.jar:7.8.0]
	at org.testng.internal.invokers.TestMethodWorker.run(TestMethodWorker.java:128) ~[org.testng_7.8.0.r202306071539.jar:7.8.0]
	at java.util.ArrayList.forEach(ArrayList.java:1511) [?:?]
	at org.testng.TestRunner.privateRun(TestRunner.java:848) [org.testng_7.8.0.r202306071539.jar:7.8.0]
	at org.testng.TestRunner.run(TestRunner.java:621) [org.testng_7.8.0.r202306071539.jar:7.8.0]
	at org.testng.SuiteRunner.runTest(SuiteRunner.java:443) [org.testng_7.8.0.r202306071539.jar:7.8.0]
	at org.testng.SuiteRunner.runSequentially(SuiteRunner.java:437) [org.testng_7.8.0.r202306071539.jar:7.8.0]
	at org.testng.SuiteRunner.privateRun(SuiteRunner.java:397) [org.testng_7.8.0.r202306071539.jar:7.8.0]
	at org.testng.SuiteRunner.run(SuiteRunner.java:336) [org.testng_7.8.0.r202306071539.jar:7.8.0]
	at org.testng.SuiteRunnerWorker.runSuite(SuiteRunnerWorker.java:52) [org.testng_7.8.0.r202306071539.jar:7.8.0]
	at org.testng.SuiteRunnerWorker.run(SuiteRunnerWorker.java:95) [org.testng_7.8.0.r202306071539.jar:7.8.0]
	at org.testng.TestNG.runSuitesSequentially(TestNG.java:1280) [org.testng_7.8.0.r202306071539.jar:7.8.0]
	at org.testng.TestNG.runSuitesLocally(TestNG.java:1200) [org.testng_7.8.0.r202306071539.jar:7.8.0]
	at org.testng.TestNG.runSuites(TestNG.java:1114) [org.testng_7.8.0.r202306071539.jar:7.8.0]
	at org.testng.TestNG.run(TestNG.java:1082) [org.testng_7.8.0.r202306071539.jar:7.8.0]
	at org.testng.remote.AbstractRemoteTestNG.run(AbstractRemoteTestNG.java:115) [testng-remote.jar:?]
	at org.testng.remote.RemoteTestNG.initAndRun(RemoteTestNG.java:251) [testng-remote.jar:?]
	at org.testng.remote.RemoteTestNG.main(RemoteTestNG.java:77) [testng-remote.jar:?]
[INFO ] 2025-10-16 13:02:57.395 [main] listeners - Test Suite Finished: Chrome
[INFO ] 2025-10-16 13:02:58.267 [main] listeners - Test Suite Started: Edge
[DEBUG] 2025-10-16 13:03:05.692 [main] PackageRelationshipCollection - Parsing relationship: /xl/_rels/workbook.xml.rels
[DEBUG] 2025-10-16 13:03:05.694 [main] PackageRelationshipCollection - Parsing relationship: /xl/worksheets/_rels/sheet1.xml.rels
[DEBUG] 2025-10-16 13:03:05.697 [main] PackageRelationshipCollection - Parsing relationship: /_rels/.rels
[INFO ] 2025-10-16 13:03:05.764 [main] listeners - Test Started: Register
[INFO ] 2025-10-16 13:03:05.775 [main] listeners - Test Started: Register
[INFO ] 2025-10-16 13:03:05.783 [main] listeners - Test Started: Register
[INFO ] 2025-10-16 13:03:05.792 [main] listeners - Test Started: Register
[INFO ] 2025-10-16 13:03:05.800 [main] listeners - Test Started: Register
[INFO ] 2025-10-16 13:03:05.812 [main] listeners - Test Started: Register
[INFO ] 2025-10-16 13:03:10.257 [main] listeners - Test Started: login
[INFO ] 2025-10-16 13:03:10.266 [main] listeners - Test Suite Finished: Edge
2025-10-16 13:15:40 DEBUG [main] TestNG - suiteXmlPath: "C:\Project\E-Commers-WebSite-Automation\E-Commerce\testng.xml"
2025-10-16 13:15:40 INFO  [main] Utils - [TestNG] Running:
  C:\Project\E-Commers-WebSite-Automation\E-Commerce\testng.xml

2025-10-16 13:15:41 INFO  [main] listeners - Test Suite Started: Chrome
2025-10-16 13:15:48 DEBUG [main] PackageRelationshipCollection - Parsing relationship: /xl/_rels/workbook.xml.rels
2025-10-16 13:15:48 DEBUG [main] PackageRelationshipCollection - Parsing relationship: /xl/worksheets/_rels/sheet1.xml.rels
2025-10-16 13:15:48 DEBUG [main] PackageRelationshipCollection - Parsing relationship: /_rels/.rels
2025-10-16 13:15:49 INFO  [main] listeners - Test Started: Register
2025-10-16 13:15:49 INFO  [main] RegistrationPageTest - Registration start.....!
2025-10-16 13:15:52 INFO  [main] listeners - Test Passed: Register
2025-10-16 13:15:52 INFO  [main] listeners - Test Started: Register
2025-10-16 13:15:52 INFO  [main] RegistrationPageTest - Registration start.....!
2025-10-16 13:15:56 INFO  [main] listeners - Test Passed: Register
2025-10-16 13:15:56 INFO  [main] listeners - Test Started: Register
2025-10-16 13:15:56 INFO  [main] RegistrationPageTest - Registration start.....!
2025-10-16 13:15:59 INFO  [main] listeners - Test Passed: Register
2025-10-16 13:15:59 INFO  [main] listeners - Test Started: Register
2025-10-16 13:15:59 INFO  [main] RegistrationPageTest - Registration start.....!
2025-10-16 13:16:00 INFO  [main] listeners - Test Passed: Register
2025-10-16 13:16:00 INFO  [main] listeners - Test Started: Register
2025-10-16 13:16:00 INFO  [main] RegistrationPageTest - Registration start.....!
2025-10-16 13:16:03 INFO  [main] listeners - Test Passed: Register
2025-10-16 13:16:03 INFO  [main] listeners - Test Started: Register
2025-10-16 13:16:03 INFO  [main] RegistrationPageTest - Registration start.....!
2025-10-16 13:16:05 INFO  [main] listeners - Test Passed: Register
2025-10-16 13:16:12 INFO  [main] listeners - Test Started: login
2025-10-16 13:16:12 ERROR [main] listeners - Test Failed: login
java.io.FileNotFoundException: src\test\ resources\config.properties (The system cannot find the path specified)
	at java.io.FileInputStream.open0(Native Method) ~[?:?]
	at java.io.FileInputStream.open(FileInputStream.java:219) ~[?:?]
	at java.io.FileInputStream.<init>(FileInputStream.java:158) ~[?:?]
	at java.io.FileInputStream.<init>(FileInputStream.java:112) ~[?:?]
	at com.E_Commerce.tests.LoginPageTest.login(LoginPageTest.java:27) ~[test-classes/:?]
	at jdk.internal.reflect.DirectMethodHandleAccessor.invoke(DirectMethodHandleAccessor.java:104) ~[?:?]
	at java.lang.reflect.Method.invoke(Method.java:578) ~[?:?]
	at org.testng.internal.invokers.MethodInvocationHelper.invokeMethod(MethodInvocationHelper.java:139) ~[org.testng_7.8.0.r202306071539.jar:7.8.0]
	at org.testng.internal.invokers.TestInvoker.invokeMethod(TestInvoker.java:664) ~[org.testng_7.8.0.r202306071539.jar:7.8.0]
	at org.testng.internal.invokers.TestInvoker.invokeTestMethod(TestInvoker.java:227) ~[org.testng_7.8.0.r202306071539.jar:7.8.0]
	at org.testng.internal.invokers.MethodRunner.runInSequence(MethodRunner.java:50) ~[org.testng_7.8.0.r202306071539.jar:7.8.0]
	at org.testng.internal.invokers.TestInvoker$MethodInvocationAgent.invoke(TestInvoker.java:957) ~[org.testng_7.8.0.r202306071539.jar:7.8.0]
	at org.testng.internal.invokers.TestInvoker.invokeTestMethods(TestInvoker.java:200) ~[org.testng_7.8.0.r202306071539.jar:7.8.0]
	at org.testng.internal.invokers.TestMethodWorker.invokeTestMethods(TestMethodWorker.java:148) ~[org.testng_7.8.0.r202306071539.jar:7.8.0]
	at org.testng.internal.invokers.TestMethodWorker.run(TestMethodWorker.java:128) ~[org.testng_7.8.0.r202306071539.jar:7.8.0]
	at java.util.ArrayList.forEach(ArrayList.java:1511) [?:?]
	at org.testng.TestRunner.privateRun(TestRunner.java:848) [org.testng_7.8.0.r202306071539.jar:7.8.0]
	at org.testng.TestRunner.run(TestRunner.java:621) [org.testng_7.8.0.r202306071539.jar:7.8.0]
	at org.testng.SuiteRunner.runTest(SuiteRunner.java:443) [org.testng_7.8.0.r202306071539.jar:7.8.0]
	at org.testng.SuiteRunner.runSequentially(SuiteRunner.java:437) [org.testng_7.8.0.r202306071539.jar:7.8.0]
	at org.testng.SuiteRunner.privateRun(SuiteRunner.java:397) [org.testng_7.8.0.r202306071539.jar:7.8.0]
	at org.testng.SuiteRunner.run(SuiteRunner.java:336) [org.testng_7.8.0.r202306071539.jar:7.8.0]
	at org.testng.SuiteRunnerWorker.runSuite(SuiteRunnerWorker.java:52) [org.testng_7.8.0.r202306071539.jar:7.8.0]
	at org.testng.SuiteRunnerWorker.run(SuiteRunnerWorker.java:95) [org.testng_7.8.0.r202306071539.jar:7.8.0]
	at org.testng.TestNG.runSuitesSequentially(TestNG.java:1280) [org.testng_7.8.0.r202306071539.jar:7.8.0]
	at org.testng.TestNG.runSuitesLocally(TestNG.java:1200) [org.testng_7.8.0.r202306071539.jar:7.8.0]
	at org.testng.TestNG.runSuites(TestNG.java:1114) [org.testng_7.8.0.r202306071539.jar:7.8.0]
	at org.testng.TestNG.run(TestNG.java:1082) [org.testng_7.8.0.r202306071539.jar:7.8.0]
	at org.testng.remote.AbstractRemoteTestNG.run(AbstractRemoteTestNG.java:115) [testng-remote.jar:?]
	at org.testng.remote.RemoteTestNG.initAndRun(RemoteTestNG.java:251) [testng-remote.jar:?]
	at org.testng.remote.RemoteTestNG.main(RemoteTestNG.java:77) [testng-remote.jar:?]
2025-10-16 13:16:12 INFO  [main] listeners - Test Suite Finished: Chrome
2025-10-16 13:16:13 INFO  [main] listeners - Test Suite Started: Edge
2025-10-16 13:16:16 DEBUG [main] PackageRelationshipCollection - Parsing relationship: /xl/_rels/workbook.xml.rels
2025-10-16 13:16:16 DEBUG [main] PackageRelationshipCollection - Parsing relationship: /xl/worksheets/_rels/sheet1.xml.rels
2025-10-16 13:16:16 DEBUG [main] PackageRelationshipCollection - Parsing relationship: /_rels/.rels
2025-10-16 13:16:16 INFO  [main] listeners - Test Started: Register
2025-10-16 13:16:16 INFO  [main] listeners - Test Started: Register
2025-10-16 13:16:16 INFO  [main] listeners - Test Started: Register
2025-10-16 13:16:16 INFO  [main] listeners - Test Started: Register
2025-10-16 13:16:16 INFO  [main] listeners - Test Started: Register
2025-10-16 13:16:16 INFO  [main] listeners - Test Started: Register
2025-10-16 13:16:19 INFO  [main] listeners - Test Started: login
2025-10-16 13:16:19 INFO  [main] listeners - Test Suite Finished: Edge
2025-10-16 17:35:25 DEBUG [main] TestNG - suiteXmlPath: "C:\Project\E-Commers-WebSite-Automation\E-Commerce\testng.xml"
2025-10-16 17:35:27 INFO  [main] Utils - [TestNG] Running:
  C:\Project\E-Commers-WebSite-Automation\E-Commerce\testng.xml

2025-10-16 17:35:27 INFO  [main] listeners - Test Suite Started: Chrome
2025-10-16 17:35:40 DEBUG [main] PackageRelationshipCollection - Parsing relationship: /xl/_rels/workbook.xml.rels
2025-10-16 17:35:40 DEBUG [main] PackageRelationshipCollection - Parsing relationship: /xl/worksheets/_rels/sheet1.xml.rels
2025-10-16 17:35:40 DEBUG [main] PackageRelationshipCollection - Parsing relationship: /_rels/.rels
2025-10-16 17:35:42 INFO  [main] listeners - Test Started: Register
2025-10-16 17:35:43 INFO  [main] RegistrationPageTest - Registration start.....!
2025-10-16 17:35:46 INFO  [main] listeners - Test Passed: Register
2025-10-16 17:35:46 INFO  [main] listeners - Test Started: Register
2025-10-16 17:35:46 INFO  [main] RegistrationPageTest - Registration start.....!
2025-10-16 17:35:56 ERROR [main] listeners - Test Failed: Register
org.openqa.selenium.NoSuchElementException: no such element: Unable to locate element: {"method":"css selector","selector":".ico\-register"}
  (Session info: chrome=141.0.7390.67)
For documentation on this error, please visit: https://www.selenium.dev/documentation/webdriver/troubleshooting/errors#no-such-element-exception
Build info: version: '4.20.0', revision: '866c76ca80'
System info: os.name: 'Windows 11', os.arch: 'amd64', os.version: '10.0', java.version: '20.0.1'
Driver info: org.openqa.selenium.chrome.ChromeDriver
Command: [e1760269a3c8f04d4b6a4fce0384120d, findElement {value=ico-register, using=class name}]
Capabilities {acceptInsecureCerts: false, browserName: chrome, browserVersion: 141.0.7390.67, chrome: {chromedriverVersion: 141.0.7390.78 (2b53b0e231fc..., userDataDir: C:\Users\ctawade\AppData\Lo...}, fedcm:accounts: true, goog:chromeOptions: {debuggerAddress: localhost:61626}, networkConnectionEnabled: false, pageLoadStrategy: normal, platformName: windows, proxy: Proxy(), se:cdp: ws://localhost:61626/devtoo..., se:cdpVersion: 141.0.7390.67, setWindowRect: true, strictFileInteractability: false, timeouts: {implicit: 0, pageLoad: 300000, script: 30000}, unhandledPromptBehavior: dismiss and notify, webauthn:extension:credBlob: true, webauthn:extension:largeBlob: true, webauthn:extension:minPinLength: true, webauthn:extension:prf: true, webauthn:virtualAuthenticators: true}
Session ID: e1760269a3c8f04d4b6a4fce0384120d
	at jdk.internal.reflect.DirectConstructorHandleAccessor.newInstance(DirectConstructorHandleAccessor.java:67) ~[?:?]
	at java.lang.reflect.Constructor.newInstanceWithCaller(Constructor.java:500) ~[?:?]
	at java.lang.reflect.Constructor.newInstance(Constructor.java:484) ~[?:?]
	at org.openqa.selenium.remote.ErrorCodec.decode(ErrorCodec.java:167) ~[selenium-remote-driver-4.20.0.jar:?]
	at org.openqa.selenium.remote.codec.w3c.W3CHttpResponseCodec.decode(W3CHttpResponseCodec.java:138) ~[selenium-remote-driver-4.20.0.jar:?]
	at org.openqa.selenium.remote.codec.w3c.W3CHttpResponseCodec.decode(W3CHttpResponseCodec.java:50) ~[selenium-remote-driver-4.20.0.jar:?]
	at org.openqa.selenium.remote.HttpCommandExecutor.execute(HttpCommandExecutor.java:190) ~[selenium-remote-driver-4.20.0.jar:?]
	at org.openqa.selenium.remote.service.DriverCommandExecutor.invokeExecute(DriverCommandExecutor.java:216) ~[selenium-remote-driver-4.20.0.jar:?]
	at org.openqa.selenium.remote.service.DriverCommandExecutor.execute(DriverCommandExecutor.java:174) ~[selenium-remote-driver-4.20.0.jar:?]
	at org.openqa.selenium.remote.RemoteWebDriver.execute(RemoteWebDriver.java:518) ~[selenium-remote-driver-4.20.0.jar:?]
	at org.openqa.selenium.remote.ElementLocation$ElementFinder$2.findElement(ElementLocation.java:165) ~[selenium-remote-driver-4.20.0.jar:?]
	at org.openqa.selenium.remote.ElementLocation.findElement(ElementLocation.java:59) ~[selenium-remote-driver-4.20.0.jar:?]
	at org.openqa.selenium.remote.RemoteWebDriver.findElement(RemoteWebDriver.java:355) ~[selenium-remote-driver-4.20.0.jar:?]
	at org.openqa.selenium.remote.RemoteWebDriver.findElement(RemoteWebDriver.java:349) ~[selenium-remote-driver-4.20.0.jar:?]
	at com.E_Commerce.Actions.RegistrationPageAction.Register(RegistrationPageAction.java:19) ~[test-classes/:?]
	at com.E_Commerce.tests.RegistrationPageTest.Register(RegistrationPageTest.java:38) ~[test-classes/:?]
	at jdk.internal.reflect.DirectMethodHandleAccessor.invoke(DirectMethodHandleAccessor.java:104) ~[?:?]
	at java.lang.reflect.Method.invoke(Method.java:578) ~[?:?]
	at org.testng.internal.invokers.MethodInvocationHelper.invokeMethod(MethodInvocationHelper.java:139) ~[org.testng_7.8.0.r202306071539.jar:7.8.0]
	at org.testng.internal.invokers.TestInvoker.invokeMethod(TestInvoker.java:664) ~[org.testng_7.8.0.r202306071539.jar:7.8.0]
	at org.testng.internal.invokers.TestInvoker.invokeTestMethod(TestInvoker.java:227) ~[org.testng_7.8.0.r202306071539.jar:7.8.0]
	at org.testng.internal.invokers.MethodRunner.runInSequence(MethodRunner.java:50) ~[org.testng_7.8.0.r202306071539.jar:7.8.0]
	at org.testng.internal.invokers.TestInvoker$MethodInvocationAgent.invoke(TestInvoker.java:957) ~[org.testng_7.8.0.r202306071539.jar:7.8.0]
	at org.testng.internal.invokers.TestInvoker.invokeTestMethods(TestInvoker.java:200) ~[org.testng_7.8.0.r202306071539.jar:7.8.0]
	at org.testng.internal.invokers.TestMethodWorker.invokeTestMethods(TestMethodWorker.java:148) ~[org.testng_7.8.0.r202306071539.jar:7.8.0]
	at org.testng.internal.invokers.TestMethodWorker.run(TestMethodWorker.java:128) ~[org.testng_7.8.0.r202306071539.jar:7.8.0]
	at java.util.ArrayList.forEach(ArrayList.java:1511) [?:?]
	at org.testng.TestRunner.privateRun(TestRunner.java:848) [org.testng_7.8.0.r202306071539.jar:7.8.0]
	at org.testng.TestRunner.run(TestRunner.java:621) [org.testng_7.8.0.r202306071539.jar:7.8.0]
	at org.testng.SuiteRunner.runTest(SuiteRunner.java:443) [org.testng_7.8.0.r202306071539.jar:7.8.0]
	at org.testng.SuiteRunner.runSequentially(SuiteRunner.java:437) [org.testng_7.8.0.r202306071539.jar:7.8.0]
	at org.testng.SuiteRunner.privateRun(SuiteRunner.java:397) [org.testng_7.8.0.r202306071539.jar:7.8.0]
	at org.testng.SuiteRunner.run(SuiteRunner.java:336) [org.testng_7.8.0.r202306071539.jar:7.8.0]
	at org.testng.SuiteRunnerWorker.runSuite(SuiteRunnerWorker.java:52) [org.testng_7.8.0.r202306071539.jar:7.8.0]
	at org.testng.SuiteRunnerWorker.run(SuiteRunnerWorker.java:95) [org.testng_7.8.0.r202306071539.jar:7.8.0]
	at org.testng.TestNG.runSuitesSequentially(TestNG.java:1280) [org.testng_7.8.0.r202306071539.jar:7.8.0]
	at org.testng.TestNG.runSuitesLocally(TestNG.java:1200) [org.testng_7.8.0.r202306071539.jar:7.8.0]
	at org.testng.TestNG.runSuites(TestNG.java:1114) [org.testng_7.8.0.r202306071539.jar:7.8.0]
	at org.testng.TestNG.run(TestNG.java:1082) [org.testng_7.8.0.r202306071539.jar:7.8.0]
	at org.testng.remote.AbstractRemoteTestNG.run(AbstractRemoteTestNG.java:115) [testng-remote.jar:?]
	at org.testng.remote.RemoteTestNG.initAndRun(RemoteTestNG.java:251) [testng-remote.jar:?]
	at org.testng.remote.RemoteTestNG.main(RemoteTestNG.java:77) [testng-remote.jar:?]
2025-10-16 17:35:57 INFO  [main] listeners - Test Started: Register
2025-10-16 17:35:57 INFO  [main] RegistrationPageTest - Registration start.....!
2025-10-16 17:36:07 ERROR [main] listeners - Test Failed: Register
org.openqa.selenium.NoSuchElementException: no such element: Unable to locate element: {"method":"css selector","selector":".ico\-register"}
  (Session info: chrome=141.0.7390.67)
For documentation on this error, please visit: https://www.selenium.dev/documentation/webdriver/troubleshooting/errors#no-such-element-exception
Build info: version: '4.20.0', revision: '866c76ca80'
System info: os.name: 'Windows 11', os.arch: 'amd64', os.version: '10.0', java.version: '20.0.1'
Driver info: org.openqa.selenium.chrome.ChromeDriver
Command: [e1760269a3c8f04d4b6a4fce0384120d, findElement {value=ico-register, using=class name}]
Capabilities {acceptInsecureCerts: false, browserName: chrome, browserVersion: 141.0.7390.67, chrome: {chromedriverVersion: 141.0.7390.78 (2b53b0e231fc..., userDataDir: C:\Users\ctawade\AppData\Lo...}, fedcm:accounts: true, goog:chromeOptions: {debuggerAddress: localhost:61626}, networkConnectionEnabled: false, pageLoadStrategy: normal, platformName: windows, proxy: Proxy(), se:cdp: ws://localhost:61626/devtoo..., se:cdpVersion: 141.0.7390.67, setWindowRect: true, strictFileInteractability: false, timeouts: {implicit: 0, pageLoad: 300000, script: 30000}, unhandledPromptBehavior: dismiss and notify, webauthn:extension:credBlob: true, webauthn:extension:largeBlob: true, webauthn:extension:minPinLength: true, webauthn:extension:prf: true, webauthn:virtualAuthenticators: true}
Session ID: e1760269a3c8f04d4b6a4fce0384120d
	at jdk.internal.reflect.DirectConstructorHandleAccessor.newInstance(DirectConstructorHandleAccessor.java:67) ~[?:?]
	at java.lang.reflect.Constructor.newInstanceWithCaller(Constructor.java:500) ~[?:?]
	at java.lang.reflect.Constructor.newInstance(Constructor.java:484) ~[?:?]
	at org.openqa.selenium.remote.ErrorCodec.decode(ErrorCodec.java:167) ~[selenium-remote-driver-4.20.0.jar:?]
	at org.openqa.selenium.remote.codec.w3c.W3CHttpResponseCodec.decode(W3CHttpResponseCodec.java:138) ~[selenium-remote-driver-4.20.0.jar:?]
	at org.openqa.selenium.remote.codec.w3c.W3CHttpResponseCodec.decode(W3CHttpResponseCodec.java:50) ~[selenium-remote-driver-4.20.0.jar:?]
	at org.openqa.selenium.remote.HttpCommandExecutor.execute(HttpCommandExecutor.java:190) ~[selenium-remote-driver-4.20.0.jar:?]
	at org.openqa.selenium.remote.service.DriverCommandExecutor.invokeExecute(DriverCommandExecutor.java:216) ~[selenium-remote-driver-4.20.0.jar:?]
	at org.openqa.selenium.remote.service.DriverCommandExecutor.execute(DriverCommandExecutor.java:174) ~[selenium-remote-driver-4.20.0.jar:?]
	at org.openqa.selenium.remote.RemoteWebDriver.execute(RemoteWebDriver.java:518) ~[selenium-remote-driver-4.20.0.jar:?]
	at org.openqa.selenium.remote.ElementLocation$ElementFinder$2.findElement(ElementLocation.java:165) ~[selenium-remote-driver-4.20.0.jar:?]
	at org.openqa.selenium.remote.ElementLocation.findElement(ElementLocation.java:59) ~[selenium-remote-driver-4.20.0.jar:?]
	at org.openqa.selenium.remote.RemoteWebDriver.findElement(RemoteWebDriver.java:355) ~[selenium-remote-driver-4.20.0.jar:?]
	at org.openqa.selenium.remote.RemoteWebDriver.findElement(RemoteWebDriver.java:349) ~[selenium-remote-driver-4.20.0.jar:?]
	at com.E_Commerce.Actions.RegistrationPageAction.Register(RegistrationPageAction.java:19) ~[test-classes/:?]
	at com.E_Commerce.tests.RegistrationPageTest.Register(RegistrationPageTest.java:38) ~[test-classes/:?]
	at jdk.internal.reflect.DirectMethodHandleAccessor.invoke(DirectMethodHandleAccessor.java:104) ~[?:?]
	at java.lang.reflect.Method.invoke(Method.java:578) ~[?:?]
	at org.testng.internal.invokers.MethodInvocationHelper.invokeMethod(MethodInvocationHelper.java:139) ~[org.testng_7.8.0.r202306071539.jar:7.8.0]
	at org.testng.internal.invokers.TestInvoker.invokeMethod(TestInvoker.java:664) ~[org.testng_7.8.0.r202306071539.jar:7.8.0]
	at org.testng.internal.invokers.TestInvoker.invokeTestMethod(TestInvoker.java:227) ~[org.testng_7.8.0.r202306071539.jar:7.8.0]
	at org.testng.internal.invokers.MethodRunner.runInSequence(MethodRunner.java:50) ~[org.testng_7.8.0.r202306071539.jar:7.8.0]
	at org.testng.internal.invokers.TestInvoker$MethodInvocationAgent.invoke(TestInvoker.java:957) ~[org.testng_7.8.0.r202306071539.jar:7.8.0]
	at org.testng.internal.invokers.TestInvoker.invokeTestMethods(TestInvoker.java:200) ~[org.testng_7.8.0.r202306071539.jar:7.8.0]
	at org.testng.internal.invokers.TestMethodWorker.invokeTestMethods(TestMethodWorker.java:148) ~[org.testng_7.8.0.r202306071539.jar:7.8.0]
	at org.testng.internal.invokers.TestMethodWorker.run(TestMethodWorker.java:128) ~[org.testng_7.8.0.r202306071539.jar:7.8.0]
	at java.util.ArrayList.forEach(ArrayList.java:1511) [?:?]
	at org.testng.TestRunner.privateRun(TestRunner.java:848) [org.testng_7.8.0.r202306071539.jar:7.8.0]
	at org.testng.TestRunner.run(TestRunner.java:621) [org.testng_7.8.0.r202306071539.jar:7.8.0]
	at org.testng.SuiteRunner.runTest(SuiteRunner.java:443) [org.testng_7.8.0.r202306071539.jar:7.8.0]
	at org.testng.SuiteRunner.runSequentially(SuiteRunner.java:437) [org.testng_7.8.0.r202306071539.jar:7.8.0]
	at org.testng.SuiteRunner.privateRun(SuiteRunner.java:397) [org.testng_7.8.0.r202306071539.jar:7.8.0]
	at org.testng.SuiteRunner.run(SuiteRunner.java:336) [org.testng_7.8.0.r202306071539.jar:7.8.0]
	at org.testng.SuiteRunnerWorker.runSuite(SuiteRunnerWorker.java:52) [org.testng_7.8.0.r202306071539.jar:7.8.0]
	at org.testng.SuiteRunnerWorker.run(SuiteRunnerWorker.java:95) [org.testng_7.8.0.r202306071539.jar:7.8.0]
	at org.testng.TestNG.runSuitesSequentially(TestNG.java:1280) [org.testng_7.8.0.r202306071539.jar:7.8.0]
	at org.testng.TestNG.runSuitesLocally(TestNG.java:1200) [org.testng_7.8.0.r202306071539.jar:7.8.0]
	at org.testng.TestNG.runSuites(TestNG.java:1114) [org.testng_7.8.0.r202306071539.jar:7.8.0]
	at org.testng.TestNG.run(TestNG.java:1082) [org.testng_7.8.0.r202306071539.jar:7.8.0]
	at org.testng.remote.AbstractRemoteTestNG.run(AbstractRemoteTestNG.java:115) [testng-remote.jar:?]
	at org.testng.remote.RemoteTestNG.initAndRun(RemoteTestNG.java:251) [testng-remote.jar:?]
	at org.testng.remote.RemoteTestNG.main(RemoteTestNG.java:77) [testng-remote.jar:?]
2025-10-16 17:36:07 INFO  [main] listeners - Test Started: Register
2025-10-16 17:36:07 INFO  [main] RegistrationPageTest - Registration start.....!
2025-10-16 17:36:17 ERROR [main] listeners - Test Failed: Register
org.openqa.selenium.NoSuchElementException: no such element: Unable to locate element: {"method":"css selector","selector":".ico\-register"}
  (Session info: chrome=141.0.7390.67)
For documentation on this error, please visit: https://www.selenium.dev/documentation/webdriver/troubleshooting/errors#no-such-element-exception
Build info: version: '4.20.0', revision: '866c76ca80'
System info: os.name: 'Windows 11', os.arch: 'amd64', os.version: '10.0', java.version: '20.0.1'
Driver info: org.openqa.selenium.chrome.ChromeDriver
Command: [e1760269a3c8f04d4b6a4fce0384120d, findElement {value=ico-register, using=class name}]
Capabilities {acceptInsecureCerts: false, browserName: chrome, browserVersion: 141.0.7390.67, chrome: {chromedriverVersion: 141.0.7390.78 (2b53b0e231fc..., userDataDir: C:\Users\ctawade\AppData\Lo...}, fedcm:accounts: true, goog:chromeOptions: {debuggerAddress: localhost:61626}, networkConnectionEnabled: false, pageLoadStrategy: normal, platformName: windows, proxy: Proxy(), se:cdp: ws://localhost:61626/devtoo..., se:cdpVersion: 141.0.7390.67, setWindowRect: true, strictFileInteractability: false, timeouts: {implicit: 0, pageLoad: 300000, script: 30000}, unhandledPromptBehavior: dismiss and notify, webauthn:extension:credBlob: true, webauthn:extension:largeBlob: true, webauthn:extension:minPinLength: true, webauthn:extension:prf: true, webauthn:virtualAuthenticators: true}
Session ID: e1760269a3c8f04d4b6a4fce0384120d
	at jdk.internal.reflect.DirectConstructorHandleAccessor.newInstance(DirectConstructorHandleAccessor.java:67) ~[?:?]
	at java.lang.reflect.Constructor.newInstanceWithCaller(Constructor.java:500) ~[?:?]
	at java.lang.reflect.Constructor.newInstance(Constructor.java:484) ~[?:?]
	at org.openqa.selenium.remote.ErrorCodec.decode(ErrorCodec.java:167) ~[selenium-remote-driver-4.20.0.jar:?]
	at org.openqa.selenium.remote.codec.w3c.W3CHttpResponseCodec.decode(W3CHttpResponseCodec.java:138) ~[selenium-remote-driver-4.20.0.jar:?]
	at org.openqa.selenium.remote.codec.w3c.W3CHttpResponseCodec.decode(W3CHttpResponseCodec.java:50) ~[selenium-remote-driver-4.20.0.jar:?]
	at org.openqa.selenium.remote.HttpCommandExecutor.execute(HttpCommandExecutor.java:190) ~[selenium-remote-driver-4.20.0.jar:?]
	at org.openqa.selenium.remote.service.DriverCommandExecutor.invokeExecute(DriverCommandExecutor.java:216) ~[selenium-remote-driver-4.20.0.jar:?]
	at org.openqa.selenium.remote.service.DriverCommandExecutor.execute(DriverCommandExecutor.java:174) ~[selenium-remote-driver-4.20.0.jar:?]
	at org.openqa.selenium.remote.RemoteWebDriver.execute(RemoteWebDriver.java:518) ~[selenium-remote-driver-4.20.0.jar:?]
	at org.openqa.selenium.remote.ElementLocation$ElementFinder$2.findElement(ElementLocation.java:165) ~[selenium-remote-driver-4.20.0.jar:?]
	at org.openqa.selenium.remote.ElementLocation.findElement(ElementLocation.java:59) ~[selenium-remote-driver-4.20.0.jar:?]
	at org.openqa.selenium.remote.RemoteWebDriver.findElement(RemoteWebDriver.java:355) ~[selenium-remote-driver-4.20.0.jar:?]
	at org.openqa.selenium.remote.RemoteWebDriver.findElement(RemoteWebDriver.java:349) ~[selenium-remote-driver-4.20.0.jar:?]
	at com.E_Commerce.Actions.RegistrationPageAction.Register(RegistrationPageAction.java:19) ~[test-classes/:?]
	at com.E_Commerce.tests.RegistrationPageTest.Register(RegistrationPageTest.java:38) ~[test-classes/:?]
	at jdk.internal.reflect.DirectMethodHandleAccessor.invoke(DirectMethodHandleAccessor.java:104) ~[?:?]
	at java.lang.reflect.Method.invoke(Method.java:578) ~[?:?]
	at org.testng.internal.invokers.MethodInvocationHelper.invokeMethod(MethodInvocationHelper.java:139) ~[org.testng_7.8.0.r202306071539.jar:7.8.0]
	at org.testng.internal.invokers.TestInvoker.invokeMethod(TestInvoker.java:664) ~[org.testng_7.8.0.r202306071539.jar:7.8.0]
	at org.testng.internal.invokers.TestInvoker.invokeTestMethod(TestInvoker.java:227) ~[org.testng_7.8.0.r202306071539.jar:7.8.0]
	at org.testng.internal.invokers.MethodRunner.runInSequence(MethodRunner.java:50) ~[org.testng_7.8.0.r202306071539.jar:7.8.0]
	at org.testng.internal.invokers.TestInvoker$MethodInvocationAgent.invoke(TestInvoker.java:957) ~[org.testng_7.8.0.r202306071539.jar:7.8.0]
	at org.testng.internal.invokers.TestInvoker.invokeTestMethods(TestInvoker.java:200) ~[org.testng_7.8.0.r202306071539.jar:7.8.0]
	at org.testng.internal.invokers.TestMethodWorker.invokeTestMethods(TestMethodWorker.java:148) ~[org.testng_7.8.0.r202306071539.jar:7.8.0]
	at org.testng.internal.invokers.TestMethodWorker.run(TestMethodWorker.java:128) ~[org.testng_7.8.0.r202306071539.jar:7.8.0]
	at java.util.ArrayList.forEach(ArrayList.java:1511) [?:?]
	at org.testng.TestRunner.privateRun(TestRunner.java:848) [org.testng_7.8.0.r202306071539.jar:7.8.0]
	at org.testng.TestRunner.run(TestRunner.java:621) [org.testng_7.8.0.r202306071539.jar:7.8.0]
	at org.testng.SuiteRunner.runTest(SuiteRunner.java:443) [org.testng_7.8.0.r202306071539.jar:7.8.0]
	at org.testng.SuiteRunner.runSequentially(SuiteRunner.java:437) [org.testng_7.8.0.r202306071539.jar:7.8.0]
	at org.testng.SuiteRunner.privateRun(SuiteRunner.java:397) [org.testng_7.8.0.r202306071539.jar:7.8.0]
	at org.testng.SuiteRunner.run(SuiteRunner.java:336) [org.testng_7.8.0.r202306071539.jar:7.8.0]
	at org.testng.SuiteRunnerWorker.runSuite(SuiteRunnerWorker.java:52) [org.testng_7.8.0.r202306071539.jar:7.8.0]
	at org.testng.SuiteRunnerWorker.run(SuiteRunnerWorker.java:95) [org.testng_7.8.0.r202306071539.jar:7.8.0]
	at org.testng.TestNG.runSuitesSequentially(TestNG.java:1280) [org.testng_7.8.0.r202306071539.jar:7.8.0]
	at org.testng.TestNG.runSuitesLocally(TestNG.java:1200) [org.testng_7.8.0.r202306071539.jar:7.8.0]
	at org.testng.TestNG.runSuites(TestNG.java:1114) [org.testng_7.8.0.r202306071539.jar:7.8.0]
	at org.testng.TestNG.run(TestNG.java:1082) [org.testng_7.8.0.r202306071539.jar:7.8.0]
	at org.testng.remote.AbstractRemoteTestNG.run(AbstractRemoteTestNG.java:115) [testng-remote.jar:?]
	at org.testng.remote.RemoteTestNG.initAndRun(RemoteTestNG.java:251) [testng-remote.jar:?]
	at org.testng.remote.RemoteTestNG.main(RemoteTestNG.java:77) [testng-remote.jar:?]
2025-10-16 17:36:17 INFO  [main] listeners - Test Started: Register
2025-10-16 17:36:17 INFO  [main] RegistrationPageTest - Registration start.....!
2025-10-16 17:36:28 INFO  [main] listeners - Test Passed: Register
2025-10-16 17:36:28 INFO  [main] listeners - Test Started: Register
2025-10-16 17:36:28 INFO  [main] RegistrationPageTest - Registration start.....!
2025-10-16 17:36:30 INFO  [main] listeners - Test Passed: Register
2025-10-16 17:36:41 INFO  [main] listeners - Test Started: login
2025-10-16 17:36:41 ERROR [main] listeners - Test Failed: login
java.io.FileNotFoundException: src\test\ resources\config.properties (The system cannot find the path specified)
	at java.io.FileInputStream.open0(Native Method) ~[?:?]
	at java.io.FileInputStream.open(FileInputStream.java:219) ~[?:?]
	at java.io.FileInputStream.<init>(FileInputStream.java:158) ~[?:?]
	at java.io.FileInputStream.<init>(FileInputStream.java:112) ~[?:?]
	at com.E_Commerce.tests.LoginPageTest.login(LoginPageTest.java:27) ~[test-classes/:?]
	at jdk.internal.reflect.DirectMethodHandleAccessor.invoke(DirectMethodHandleAccessor.java:104) ~[?:?]
	at java.lang.reflect.Method.invoke(Method.java:578) ~[?:?]
	at org.testng.internal.invokers.MethodInvocationHelper.invokeMethod(MethodInvocationHelper.java:139) ~[org.testng_7.8.0.r202306071539.jar:7.8.0]
	at org.testng.internal.invokers.TestInvoker.invokeMethod(TestInvoker.java:664) ~[org.testng_7.8.0.r202306071539.jar:7.8.0]
	at org.testng.internal.invokers.TestInvoker.invokeTestMethod(TestInvoker.java:227) ~[org.testng_7.8.0.r202306071539.jar:7.8.0]
	at org.testng.internal.invokers.MethodRunner.runInSequence(MethodRunner.java:50) ~[org.testng_7.8.0.r202306071539.jar:7.8.0]
	at org.testng.internal.invokers.TestInvoker$MethodInvocationAgent.invoke(TestInvoker.java:957) ~[org.testng_7.8.0.r202306071539.jar:7.8.0]
	at org.testng.internal.invokers.TestInvoker.invokeTestMethods(TestInvoker.java:200) ~[org.testng_7.8.0.r202306071539.jar:7.8.0]
	at org.testng.internal.invokers.TestMethodWorker.invokeTestMethods(TestMethodWorker.java:148) ~[org.testng_7.8.0.r202306071539.jar:7.8.0]
	at org.testng.internal.invokers.TestMethodWorker.run(TestMethodWorker.java:128) ~[org.testng_7.8.0.r202306071539.jar:7.8.0]
	at java.util.ArrayList.forEach(ArrayList.java:1511) [?:?]
	at org.testng.TestRunner.privateRun(TestRunner.java:848) [org.testng_7.8.0.r202306071539.jar:7.8.0]
	at org.testng.TestRunner.run(TestRunner.java:621) [org.testng_7.8.0.r202306071539.jar:7.8.0]
	at org.testng.SuiteRunner.runTest(SuiteRunner.java:443) [org.testng_7.8.0.r202306071539.jar:7.8.0]
	at org.testng.SuiteRunner.runSequentially(SuiteRunner.java:437) [org.testng_7.8.0.r202306071539.jar:7.8.0]
	at org.testng.SuiteRunner.privateRun(SuiteRunner.java:397) [org.testng_7.8.0.r202306071539.jar:7.8.0]
	at org.testng.SuiteRunner.run(SuiteRunner.java:336) [org.testng_7.8.0.r202306071539.jar:7.8.0]
	at org.testng.SuiteRunnerWorker.runSuite(SuiteRunnerWorker.java:52) [org.testng_7.8.0.r202306071539.jar:7.8.0]
	at org.testng.SuiteRunnerWorker.run(SuiteRunnerWorker.java:95) [org.testng_7.8.0.r202306071539.jar:7.8.0]
	at org.testng.TestNG.runSuitesSequentially(TestNG.java:1280) [org.testng_7.8.0.r202306071539.jar:7.8.0]
	at org.testng.TestNG.runSuitesLocally(TestNG.java:1200) [org.testng_7.8.0.r202306071539.jar:7.8.0]
	at org.testng.TestNG.runSuites(TestNG.java:1114) [org.testng_7.8.0.r202306071539.jar:7.8.0]
	at org.testng.TestNG.run(TestNG.java:1082) [org.testng_7.8.0.r202306071539.jar:7.8.0]
	at org.testng.remote.AbstractRemoteTestNG.run(AbstractRemoteTestNG.java:115) [testng-remote.jar:?]
	at org.testng.remote.RemoteTestNG.initAndRun(RemoteTestNG.java:251) [testng-remote.jar:?]
	at org.testng.remote.RemoteTestNG.main(RemoteTestNG.java:77) [testng-remote.jar:?]
2025-10-16 17:36:42 INFO  [main] listeners - Test Suite Finished: Chrome
2025-10-16 17:38:03 DEBUG [main] TestNG - suiteXmlPath: "C:\Users\ctawade\AppData\Local\Temp\testng-eclipse--1270525179\testng-customsuite.xml"
2025-10-16 17:38:04 INFO  [main] Utils - [Utils] MethodGroupsHelper.collectMethodsByGroup() took 3 ms.
2025-10-16 17:38:04 INFO  [main] Utils - [Utils] MethodGroupsHelper.sortMethods() took 6 ms.
2025-10-16 17:38:04 INFO  [main] Utils - [Utils] MethodGroupsHelper.collectMethodsByGroup() took 0 ms.
2025-10-16 17:38:04 INFO  [main] Utils - [Utils] MethodGroupsHelper.sortMethods() took 0 ms.
2025-10-16 17:38:04 INFO  [main] Utils - [Utils] MethodGroupsHelper.collectMethodsByGroup() took 0 ms.
2025-10-16 17:38:04 INFO  [main] Utils - [Utils] MethodGroupsHelper.sortMethods() took 0 ms.
2025-10-16 17:38:04 INFO  [main] Utils - [Utils] MethodGroupsHelper.collectMethodsByGroup() took 0 ms.
2025-10-16 17:38:04 INFO  [main] Utils - [Utils] MethodGroupsHelper.sortMethods() took 0 ms.
2025-10-16 17:38:04 INFO  [main] Utils - [Utils] MethodGroupsHelper.collectMethodsByGroup() took 14 ms.
2025-10-16 17:38:04 INFO  [main] Utils - [Utils] MethodGroupsHelper.sortMethods() took 26 ms.
2025-10-16 17:38:04 INFO  [main] Utils - [Utils] MethodGroupsHelper.collectMethodsByGroup() took 0 ms.
2025-10-16 17:38:04 INFO  [main] Utils - [Utils] MethodGroupsHelper.sortMethods() took 1 ms.
2025-10-16 17:38:04 INFO  [main] Utils - [Utils] MethodGroupsHelper.collectMethodsByGroup() took 0 ms.
2025-10-16 17:38:04 INFO  [main] Utils - [Utils] MethodGroupsHelper.sortMethods() took 0 ms.
2025-10-16 17:38:04 INFO  [main] Utils - [Utils] MethodGroupsHelper.collectMethodsByGroup() took 0 ms.
2025-10-16 17:38:04 INFO  [main] Utils - [Utils] MethodGroupsHelper.sortMethods() took 0 ms.
2025-10-16 17:38:04 INFO  [main] Utils - [Utils] MethodGroupsHelper.collectMethodsByGroup() took 0 ms.
2025-10-16 17:38:04 INFO  [main] Utils - [Utils] MethodGroupsHelper.sortMethods() took 0 ms.
2025-10-16 17:38:04 INFO  [main] Utils - [Utils] MethodGroupsHelper.collectMethodsByGroup() took 0 ms.
2025-10-16 17:38:04 INFO  [main] Utils - [Utils] MethodGroupsHelper.sortMethods() took 0 ms.
2025-10-16 17:38:04 INFO  [main] Utils - [Utils] MethodGroupsHelper.collectMethodsByGroup() took 0 ms.
2025-10-16 17:38:04 INFO  [main] Utils - [Utils] MethodGroupsHelper.sortMethods() took 0 ms.
2025-10-16 17:38:04 INFO  [main] Utils - [Utils] MethodGroupsHelper.collectMethodsByGroup() took 0 ms.
2025-10-16 17:38:04 INFO  [main] Utils - [Utils] MethodGroupsHelper.sortMethods() took 0 ms.
2025-10-16 17:38:04 INFO  [main] Utils - [Utils] MethodGroupsHelper.collectMethodsByGroup() took 1 ms.
2025-10-16 17:38:04 INFO  [main] Utils - [Utils] MethodGroupsHelper.sortMethods() took 0 ms.
2025-10-16 17:38:04 INFO  [main] Utils - [Utils] MethodGroupsHelper.collectMethodsByGroup() took 0 ms.
2025-10-16 17:38:04 INFO  [main] Utils - [Utils] MethodGroupsHelper.sortMethods() took 0 ms.
2025-10-16 17:38:04 INFO  [main] Utils - [Utils] MethodGroupsHelper.collectMethodsByGroup() took 0 ms.
2025-10-16 17:38:04 INFO  [main] Utils - [Utils] MethodGroupsHelper.sortMethods() took 0 ms.
2025-10-16 17:38:04 INFO  [main] Utils - [TestNG] Running:
  C:\Users\ctawade\AppData\Local\Temp\testng-eclipse--1270525179\testng-customsuite.xml

2025-10-16 17:38:04 INFO  [main] Utils - [Utils] DynamicGraphHelper.createDynamicGraph() took 7 ms.
2025-10-16 17:38:05 INFO  [main] Utils - [TestNG] Time taken by org.testng.reporters.SuiteHTMLReporter@425357dd: 137 ms
2025-10-16 17:38:05 INFO  [main] Utils - [TestNG] Time taken by org.testng.reporters.jq.Main@47d93e0d: 232 ms
2025-10-16 17:38:05 INFO  [main] Utils - [TestNG] Time taken by org.testng.reporters.FailedReporter@12f3afb5: 32 ms
2025-10-16 17:38:05 INFO  [main] Utils - [TestNG] Time taken by org.testng.reporters.XMLReporter@1e53135d: 20 ms
2025-10-16 17:38:05 INFO  [main] Utils - [TestNG] Time taken by org.testng.reporters.EmailableReporter2@7692cd34: 13 ms
2025-10-16 17:38:05 INFO  [main] Utils - [TestNG] Time taken by org.testng.reporters.JUnitReportReporter@7dd712e8: 19 ms
2025-10-16 17:38:05 INFO  [main] Utils - [TestNG] Time taken by org.testng.internal.ExitCodeListener@2c282004: 1 ms
2025-10-16 17:38:29 DEBUG [main] TestNG - suiteXmlPath: "C:\Project\E-Commers-WebSite-Automation\E-Commerce\testng.xml"
2025-10-16 17:38:30 INFO  [main] Utils - [TestNG] Running:
  C:\Project\E-Commers-WebSite-Automation\E-Commerce\testng.xml

2025-10-16 17:38:30 INFO  [main] listeners - Test Suite Started: Chrome
2025-10-16 17:38:41 DEBUG [main] PackageRelationshipCollection - Parsing relationship: /xl/_rels/workbook.xml.rels
2025-10-16 17:38:41 DEBUG [main] PackageRelationshipCollection - Parsing relationship: /xl/worksheets/_rels/sheet1.xml.rels
2025-10-16 17:38:41 DEBUG [main] PackageRelationshipCollection - Parsing relationship: /_rels/.rels
2025-10-16 17:38:43 INFO  [main] listeners - Test Started: Register
2025-10-16 17:38:43 INFO  [main] RegistrationPageTest - Registration start.....!
2025-10-16 17:38:48 INFO  [main] listeners - Test Passed: Register
2025-10-16 17:38:48 INFO  [main] listeners - Test Started: Register
2025-10-16 17:38:48 INFO  [main] RegistrationPageTest - Registration start.....!
2025-10-16 17:38:58 ERROR [main] listeners - Test Failed: Register
org.openqa.selenium.NoSuchElementException: no such element: Unable to locate element: {"method":"css selector","selector":".ico\-register"}
  (Session info: chrome=141.0.7390.67)
For documentation on this error, please visit: https://www.selenium.dev/documentation/webdriver/troubleshooting/errors#no-such-element-exception
Build info: version: '4.20.0', revision: '866c76ca80'
System info: os.name: 'Windows 11', os.arch: 'amd64', os.version: '10.0', java.version: '20.0.1'
Driver info: org.openqa.selenium.chrome.ChromeDriver
Command: [9b51db209ae44f0b80176619c0514d3f, findElement {using=class name, value=ico-register}]
Capabilities {acceptInsecureCerts: false, browserName: chrome, browserVersion: 141.0.7390.67, chrome: {chromedriverVersion: 141.0.7390.78 (2b53b0e231fc..., userDataDir: C:\Users\ctawade\AppData\Lo...}, fedcm:accounts: true, goog:chromeOptions: {debuggerAddress: localhost:56334}, networkConnectionEnabled: false, pageLoadStrategy: normal, platformName: windows, proxy: Proxy(), se:cdp: ws://localhost:56334/devtoo..., se:cdpVersion: 141.0.7390.67, setWindowRect: true, strictFileInteractability: false, timeouts: {implicit: 0, pageLoad: 300000, script: 30000}, unhandledPromptBehavior: dismiss and notify, webauthn:extension:credBlob: true, webauthn:extension:largeBlob: true, webauthn:extension:minPinLength: true, webauthn:extension:prf: true, webauthn:virtualAuthenticators: true}
Session ID: 9b51db209ae44f0b80176619c0514d3f
	at jdk.internal.reflect.DirectConstructorHandleAccessor.newInstance(DirectConstructorHandleAccessor.java:67) ~[?:?]
	at java.lang.reflect.Constructor.newInstanceWithCaller(Constructor.java:500) ~[?:?]
	at java.lang.reflect.Constructor.newInstance(Constructor.java:484) ~[?:?]
	at org.openqa.selenium.remote.ErrorCodec.decode(ErrorCodec.java:167) ~[selenium-remote-driver-4.20.0.jar:?]
	at org.openqa.selenium.remote.codec.w3c.W3CHttpResponseCodec.decode(W3CHttpResponseCodec.java:138) ~[selenium-remote-driver-4.20.0.jar:?]
	at org.openqa.selenium.remote.codec.w3c.W3CHttpResponseCodec.decode(W3CHttpResponseCodec.java:50) ~[selenium-remote-driver-4.20.0.jar:?]
	at org.openqa.selenium.remote.HttpCommandExecutor.execute(HttpCommandExecutor.java:190) ~[selenium-remote-driver-4.20.0.jar:?]
	at org.openqa.selenium.remote.service.DriverCommandExecutor.invokeExecute(DriverCommandExecutor.java:216) ~[selenium-remote-driver-4.20.0.jar:?]
	at org.openqa.selenium.remote.service.DriverCommandExecutor.execute(DriverCommandExecutor.java:174) ~[selenium-remote-driver-4.20.0.jar:?]
	at org.openqa.selenium.remote.RemoteWebDriver.execute(RemoteWebDriver.java:518) ~[selenium-remote-driver-4.20.0.jar:?]
	at org.openqa.selenium.remote.ElementLocation$ElementFinder$2.findElement(ElementLocation.java:165) ~[selenium-remote-driver-4.20.0.jar:?]
	at org.openqa.selenium.remote.ElementLocation.findElement(ElementLocation.java:59) ~[selenium-remote-driver-4.20.0.jar:?]
	at org.openqa.selenium.remote.RemoteWebDriver.findElement(RemoteWebDriver.java:355) ~[selenium-remote-driver-4.20.0.jar:?]
	at org.openqa.selenium.remote.RemoteWebDriver.findElement(RemoteWebDriver.java:349) ~[selenium-remote-driver-4.20.0.jar:?]
	at com.E_Commerce.Actions.RegistrationPageAction.Register(RegistrationPageAction.java:19) ~[test-classes/:?]
	at com.E_Commerce.tests.RegistrationPageTest.Register(RegistrationPageTest.java:38) ~[test-classes/:?]
	at jdk.internal.reflect.DirectMethodHandleAccessor.invoke(DirectMethodHandleAccessor.java:104) ~[?:?]
	at java.lang.reflect.Method.invoke(Method.java:578) ~[?:?]
	at org.testng.internal.invokers.MethodInvocationHelper.invokeMethod(MethodInvocationHelper.java:139) ~[org.testng_7.8.0.r202306071539.jar:7.8.0]
	at org.testng.internal.invokers.TestInvoker.invokeMethod(TestInvoker.java:664) ~[org.testng_7.8.0.r202306071539.jar:7.8.0]
	at org.testng.internal.invokers.TestInvoker.invokeTestMethod(TestInvoker.java:227) ~[org.testng_7.8.0.r202306071539.jar:7.8.0]
	at org.testng.internal.invokers.MethodRunner.runInSequence(MethodRunner.java:50) ~[org.testng_7.8.0.r202306071539.jar:7.8.0]
	at org.testng.internal.invokers.TestInvoker$MethodInvocationAgent.invoke(TestInvoker.java:957) ~[org.testng_7.8.0.r202306071539.jar:7.8.0]
	at org.testng.internal.invokers.TestInvoker.invokeTestMethods(TestInvoker.java:200) ~[org.testng_7.8.0.r202306071539.jar:7.8.0]
	at org.testng.internal.invokers.TestMethodWorker.invokeTestMethods(TestMethodWorker.java:148) ~[org.testng_7.8.0.r202306071539.jar:7.8.0]
	at org.testng.internal.invokers.TestMethodWorker.run(TestMethodWorker.java:128) ~[org.testng_7.8.0.r202306071539.jar:7.8.0]
	at java.util.ArrayList.forEach(ArrayList.java:1511) [?:?]
	at org.testng.TestRunner.privateRun(TestRunner.java:848) [org.testng_7.8.0.r202306071539.jar:7.8.0]
	at org.testng.TestRunner.run(TestRunner.java:621) [org.testng_7.8.0.r202306071539.jar:7.8.0]
	at org.testng.SuiteRunner.runTest(SuiteRunner.java:443) [org.testng_7.8.0.r202306071539.jar:7.8.0]
	at org.testng.SuiteRunner.runSequentially(SuiteRunner.java:437) [org.testng_7.8.0.r202306071539.jar:7.8.0]
	at org.testng.SuiteRunner.privateRun(SuiteRunner.java:397) [org.testng_7.8.0.r202306071539.jar:7.8.0]
	at org.testng.SuiteRunner.run(SuiteRunner.java:336) [org.testng_7.8.0.r202306071539.jar:7.8.0]
	at org.testng.SuiteRunnerWorker.runSuite(SuiteRunnerWorker.java:52) [org.testng_7.8.0.r202306071539.jar:7.8.0]
	at org.testng.SuiteRunnerWorker.run(SuiteRunnerWorker.java:95) [org.testng_7.8.0.r202306071539.jar:7.8.0]
	at org.testng.TestNG.runSuitesSequentially(TestNG.java:1280) [org.testng_7.8.0.r202306071539.jar:7.8.0]
	at org.testng.TestNG.runSuitesLocally(TestNG.java:1200) [org.testng_7.8.0.r202306071539.jar:7.8.0]
	at org.testng.TestNG.runSuites(TestNG.java:1114) [org.testng_7.8.0.r202306071539.jar:7.8.0]
	at org.testng.TestNG.run(TestNG.java:1082) [org.testng_7.8.0.r202306071539.jar:7.8.0]
	at org.testng.remote.AbstractRemoteTestNG.run(AbstractRemoteTestNG.java:115) [testng-remote.jar:?]
	at org.testng.remote.RemoteTestNG.initAndRun(RemoteTestNG.java:251) [testng-remote.jar:?]
	at org.testng.remote.RemoteTestNG.main(RemoteTestNG.java:77) [testng-remote.jar:?]
2025-10-16 17:38:58 INFO  [main] listeners - Test Started: Register
2025-10-16 17:38:58 INFO  [main] RegistrationPageTest - Registration start.....!
2025-10-16 17:39:08 ERROR [main] listeners - Test Failed: Register
org.openqa.selenium.NoSuchElementException: no such element: Unable to locate element: {"method":"css selector","selector":".ico\-register"}
  (Session info: chrome=141.0.7390.67)
For documentation on this error, please visit: https://www.selenium.dev/documentation/webdriver/troubleshooting/errors#no-such-element-exception
Build info: version: '4.20.0', revision: '866c76ca80'
System info: os.name: 'Windows 11', os.arch: 'amd64', os.version: '10.0', java.version: '20.0.1'
Driver info: org.openqa.selenium.chrome.ChromeDriver
Command: [9b51db209ae44f0b80176619c0514d3f, findElement {using=class name, value=ico-register}]
Capabilities {acceptInsecureCerts: false, browserName: chrome, browserVersion: 141.0.7390.67, chrome: {chromedriverVersion: 141.0.7390.78 (2b53b0e231fc..., userDataDir: C:\Users\ctawade\AppData\Lo...}, fedcm:accounts: true, goog:chromeOptions: {debuggerAddress: localhost:56334}, networkConnectionEnabled: false, pageLoadStrategy: normal, platformName: windows, proxy: Proxy(), se:cdp: ws://localhost:56334/devtoo..., se:cdpVersion: 141.0.7390.67, setWindowRect: true, strictFileInteractability: false, timeouts: {implicit: 0, pageLoad: 300000, script: 30000}, unhandledPromptBehavior: dismiss and notify, webauthn:extension:credBlob: true, webauthn:extension:largeBlob: true, webauthn:extension:minPinLength: true, webauthn:extension:prf: true, webauthn:virtualAuthenticators: true}
Session ID: 9b51db209ae44f0b80176619c0514d3f
	at jdk.internal.reflect.DirectConstructorHandleAccessor.newInstance(DirectConstructorHandleAccessor.java:67) ~[?:?]
	at java.lang.reflect.Constructor.newInstanceWithCaller(Constructor.java:500) ~[?:?]
	at java.lang.reflect.Constructor.newInstance(Constructor.java:484) ~[?:?]
	at org.openqa.selenium.remote.ErrorCodec.decode(ErrorCodec.java:167) ~[selenium-remote-driver-4.20.0.jar:?]
	at org.openqa.selenium.remote.codec.w3c.W3CHttpResponseCodec.decode(W3CHttpResponseCodec.java:138) ~[selenium-remote-driver-4.20.0.jar:?]
	at org.openqa.selenium.remote.codec.w3c.W3CHttpResponseCodec.decode(W3CHttpResponseCodec.java:50) ~[selenium-remote-driver-4.20.0.jar:?]
	at org.openqa.selenium.remote.HttpCommandExecutor.execute(HttpCommandExecutor.java:190) ~[selenium-remote-driver-4.20.0.jar:?]
	at org.openqa.selenium.remote.service.DriverCommandExecutor.invokeExecute(DriverCommandExecutor.java:216) ~[selenium-remote-driver-4.20.0.jar:?]
	at org.openqa.selenium.remote.service.DriverCommandExecutor.execute(DriverCommandExecutor.java:174) ~[selenium-remote-driver-4.20.0.jar:?]
	at org.openqa.selenium.remote.RemoteWebDriver.execute(RemoteWebDriver.java:518) ~[selenium-remote-driver-4.20.0.jar:?]
	at org.openqa.selenium.remote.ElementLocation$ElementFinder$2.findElement(ElementLocation.java:165) ~[selenium-remote-driver-4.20.0.jar:?]
	at org.openqa.selenium.remote.ElementLocation.findElement(ElementLocation.java:59) ~[selenium-remote-driver-4.20.0.jar:?]
	at org.openqa.selenium.remote.RemoteWebDriver.findElement(RemoteWebDriver.java:355) ~[selenium-remote-driver-4.20.0.jar:?]
	at org.openqa.selenium.remote.RemoteWebDriver.findElement(RemoteWebDriver.java:349) ~[selenium-remote-driver-4.20.0.jar:?]
	at com.E_Commerce.Actions.RegistrationPageAction.Register(RegistrationPageAction.java:19) ~[test-classes/:?]
	at com.E_Commerce.tests.RegistrationPageTest.Register(RegistrationPageTest.java:38) ~[test-classes/:?]
	at jdk.internal.reflect.DirectMethodHandleAccessor.invoke(DirectMethodHandleAccessor.java:104) ~[?:?]
	at java.lang.reflect.Method.invoke(Method.java:578) ~[?:?]
	at org.testng.internal.invokers.MethodInvocationHelper.invokeMethod(MethodInvocationHelper.java:139) ~[org.testng_7.8.0.r202306071539.jar:7.8.0]
	at org.testng.internal.invokers.TestInvoker.invokeMethod(TestInvoker.java:664) ~[org.testng_7.8.0.r202306071539.jar:7.8.0]
	at org.testng.internal.invokers.TestInvoker.invokeTestMethod(TestInvoker.java:227) ~[org.testng_7.8.0.r202306071539.jar:7.8.0]
	at org.testng.internal.invokers.MethodRunner.runInSequence(MethodRunner.java:50) ~[org.testng_7.8.0.r202306071539.jar:7.8.0]
	at org.testng.internal.invokers.TestInvoker$MethodInvocationAgent.invoke(TestInvoker.java:957) ~[org.testng_7.8.0.r202306071539.jar:7.8.0]
	at org.testng.internal.invokers.TestInvoker.invokeTestMethods(TestInvoker.java:200) ~[org.testng_7.8.0.r202306071539.jar:7.8.0]
	at org.testng.internal.invokers.TestMethodWorker.invokeTestMethods(TestMethodWorker.java:148) ~[org.testng_7.8.0.r202306071539.jar:7.8.0]
	at org.testng.internal.invokers.TestMethodWorker.run(TestMethodWorker.java:128) ~[org.testng_7.8.0.r202306071539.jar:7.8.0]
	at java.util.ArrayList.forEach(ArrayList.java:1511) [?:?]
	at org.testng.TestRunner.privateRun(TestRunner.java:848) [org.testng_7.8.0.r202306071539.jar:7.8.0]
	at org.testng.TestRunner.run(TestRunner.java:621) [org.testng_7.8.0.r202306071539.jar:7.8.0]
	at org.testng.SuiteRunner.runTest(SuiteRunner.java:443) [org.testng_7.8.0.r202306071539.jar:7.8.0]
	at org.testng.SuiteRunner.runSequentially(SuiteRunner.java:437) [org.testng_7.8.0.r202306071539.jar:7.8.0]
	at org.testng.SuiteRunner.privateRun(SuiteRunner.java:397) [org.testng_7.8.0.r202306071539.jar:7.8.0]
	at org.testng.SuiteRunner.run(SuiteRunner.java:336) [org.testng_7.8.0.r202306071539.jar:7.8.0]
	at org.testng.SuiteRunnerWorker.runSuite(SuiteRunnerWorker.java:52) [org.testng_7.8.0.r202306071539.jar:7.8.0]
	at org.testng.SuiteRunnerWorker.run(SuiteRunnerWorker.java:95) [org.testng_7.8.0.r202306071539.jar:7.8.0]
	at org.testng.TestNG.runSuitesSequentially(TestNG.java:1280) [org.testng_7.8.0.r202306071539.jar:7.8.0]
	at org.testng.TestNG.runSuitesLocally(TestNG.java:1200) [org.testng_7.8.0.r202306071539.jar:7.8.0]
	at org.testng.TestNG.runSuites(TestNG.java:1114) [org.testng_7.8.0.r202306071539.jar:7.8.0]
	at org.testng.TestNG.run(TestNG.java:1082) [org.testng_7.8.0.r202306071539.jar:7.8.0]
	at org.testng.remote.AbstractRemoteTestNG.run(AbstractRemoteTestNG.java:115) [testng-remote.jar:?]
	at org.testng.remote.RemoteTestNG.initAndRun(RemoteTestNG.java:251) [testng-remote.jar:?]
	at org.testng.remote.RemoteTestNG.main(RemoteTestNG.java:77) [testng-remote.jar:?]
2025-10-16 17:39:08 INFO  [main] listeners - Test Started: Register
2025-10-16 17:39:08 INFO  [main] RegistrationPageTest - Registration start.....!
2025-10-16 17:39:18 ERROR [main] listeners - Test Failed: Register
org.openqa.selenium.NoSuchElementException: no such element: Unable to locate element: {"method":"css selector","selector":".ico\-register"}
  (Session info: chrome=141.0.7390.67)
For documentation on this error, please visit: https://www.selenium.dev/documentation/webdriver/troubleshooting/errors#no-such-element-exception
Build info: version: '4.20.0', revision: '866c76ca80'
System info: os.name: 'Windows 11', os.arch: 'amd64', os.version: '10.0', java.version: '20.0.1'
Driver info: org.openqa.selenium.chrome.ChromeDriver
Command: [9b51db209ae44f0b80176619c0514d3f, findElement {using=class name, value=ico-register}]
Capabilities {acceptInsecureCerts: false, browserName: chrome, browserVersion: 141.0.7390.67, chrome: {chromedriverVersion: 141.0.7390.78 (2b53b0e231fc..., userDataDir: C:\Users\ctawade\AppData\Lo...}, fedcm:accounts: true, goog:chromeOptions: {debuggerAddress: localhost:56334}, networkConnectionEnabled: false, pageLoadStrategy: normal, platformName: windows, proxy: Proxy(), se:cdp: ws://localhost:56334/devtoo..., se:cdpVersion: 141.0.7390.67, setWindowRect: true, strictFileInteractability: false, timeouts: {implicit: 0, pageLoad: 300000, script: 30000}, unhandledPromptBehavior: dismiss and notify, webauthn:extension:credBlob: true, webauthn:extension:largeBlob: true, webauthn:extension:minPinLength: true, webauthn:extension:prf: true, webauthn:virtualAuthenticators: true}
Session ID: 9b51db209ae44f0b80176619c0514d3f
	at jdk.internal.reflect.DirectConstructorHandleAccessor.newInstance(DirectConstructorHandleAccessor.java:67) ~[?:?]
	at java.lang.reflect.Constructor.newInstanceWithCaller(Constructor.java:500) ~[?:?]
	at java.lang.reflect.Constructor.newInstance(Constructor.java:484) ~[?:?]
	at org.openqa.selenium.remote.ErrorCodec.decode(ErrorCodec.java:167) ~[selenium-remote-driver-4.20.0.jar:?]
	at org.openqa.selenium.remote.codec.w3c.W3CHttpResponseCodec.decode(W3CHttpResponseCodec.java:138) ~[selenium-remote-driver-4.20.0.jar:?]
	at org.openqa.selenium.remote.codec.w3c.W3CHttpResponseCodec.decode(W3CHttpResponseCodec.java:50) ~[selenium-remote-driver-4.20.0.jar:?]
	at org.openqa.selenium.remote.HttpCommandExecutor.execute(HttpCommandExecutor.java:190) ~[selenium-remote-driver-4.20.0.jar:?]
	at org.openqa.selenium.remote.service.DriverCommandExecutor.invokeExecute(DriverCommandExecutor.java:216) ~[selenium-remote-driver-4.20.0.jar:?]
	at org.openqa.selenium.remote.service.DriverCommandExecutor.execute(DriverCommandExecutor.java:174) ~[selenium-remote-driver-4.20.0.jar:?]
	at org.openqa.selenium.remote.RemoteWebDriver.execute(RemoteWebDriver.java:518) ~[selenium-remote-driver-4.20.0.jar:?]
	at org.openqa.selenium.remote.ElementLocation$ElementFinder$2.findElement(ElementLocation.java:165) ~[selenium-remote-driver-4.20.0.jar:?]
	at org.openqa.selenium.remote.ElementLocation.findElement(ElementLocation.java:59) ~[selenium-remote-driver-4.20.0.jar:?]
	at org.openqa.selenium.remote.RemoteWebDriver.findElement(RemoteWebDriver.java:355) ~[selenium-remote-driver-4.20.0.jar:?]
	at org.openqa.selenium.remote.RemoteWebDriver.findElement(RemoteWebDriver.java:349) ~[selenium-remote-driver-4.20.0.jar:?]
	at com.E_Commerce.Actions.RegistrationPageAction.Register(RegistrationPageAction.java:19) ~[test-classes/:?]
	at com.E_Commerce.tests.RegistrationPageTest.Register(RegistrationPageTest.java:38) ~[test-classes/:?]
	at jdk.internal.reflect.DirectMethodHandleAccessor.invoke(DirectMethodHandleAccessor.java:104) ~[?:?]
	at java.lang.reflect.Method.invoke(Method.java:578) ~[?:?]
	at org.testng.internal.invokers.MethodInvocationHelper.invokeMethod(MethodInvocationHelper.java:139) ~[org.testng_7.8.0.r202306071539.jar:7.8.0]
	at org.testng.internal.invokers.TestInvoker.invokeMethod(TestInvoker.java:664) ~[org.testng_7.8.0.r202306071539.jar:7.8.0]
	at org.testng.internal.invokers.TestInvoker.invokeTestMethod(TestInvoker.java:227) ~[org.testng_7.8.0.r202306071539.jar:7.8.0]
	at org.testng.internal.invokers.MethodRunner.runInSequence(MethodRunner.java:50) ~[org.testng_7.8.0.r202306071539.jar:7.8.0]
	at org.testng.internal.invokers.TestInvoker$MethodInvocationAgent.invoke(TestInvoker.java:957) ~[org.testng_7.8.0.r202306071539.jar:7.8.0]
	at org.testng.internal.invokers.TestInvoker.invokeTestMethods(TestInvoker.java:200) ~[org.testng_7.8.0.r202306071539.jar:7.8.0]
	at org.testng.internal.invokers.TestMethodWorker.invokeTestMethods(TestMethodWorker.java:148) ~[org.testng_7.8.0.r202306071539.jar:7.8.0]
	at org.testng.internal.invokers.TestMethodWorker.run(TestMethodWorker.java:128) ~[org.testng_7.8.0.r202306071539.jar:7.8.0]
	at java.util.ArrayList.forEach(ArrayList.java:1511) [?:?]
	at org.testng.TestRunner.privateRun(TestRunner.java:848) [org.testng_7.8.0.r202306071539.jar:7.8.0]
	at org.testng.TestRunner.run(TestRunner.java:621) [org.testng_7.8.0.r202306071539.jar:7.8.0]
	at org.testng.SuiteRunner.runTest(SuiteRunner.java:443) [org.testng_7.8.0.r202306071539.jar:7.8.0]
	at org.testng.SuiteRunner.runSequentially(SuiteRunner.java:437) [org.testng_7.8.0.r202306071539.jar:7.8.0]
	at org.testng.SuiteRunner.privateRun(SuiteRunner.java:397) [org.testng_7.8.0.r202306071539.jar:7.8.0]
	at org.testng.SuiteRunner.run(SuiteRunner.java:336) [org.testng_7.8.0.r202306071539.jar:7.8.0]
	at org.testng.SuiteRunnerWorker.runSuite(SuiteRunnerWorker.java:52) [org.testng_7.8.0.r202306071539.jar:7.8.0]
	at org.testng.SuiteRunnerWorker.run(SuiteRunnerWorker.java:95) [org.testng_7.8.0.r202306071539.jar:7.8.0]
	at org.testng.TestNG.runSuitesSequentially(TestNG.java:1280) [org.testng_7.8.0.r202306071539.jar:7.8.0]
	at org.testng.TestNG.runSuitesLocally(TestNG.java:1200) [org.testng_7.8.0.r202306071539.jar:7.8.0]
	at org.testng.TestNG.runSuites(TestNG.java:1114) [org.testng_7.8.0.r202306071539.jar:7.8.0]
	at org.testng.TestNG.run(TestNG.java:1082) [org.testng_7.8.0.r202306071539.jar:7.8.0]
	at org.testng.remote.AbstractRemoteTestNG.run(AbstractRemoteTestNG.java:115) [testng-remote.jar:?]
	at org.testng.remote.RemoteTestNG.initAndRun(RemoteTestNG.java:251) [testng-remote.jar:?]
	at org.testng.remote.RemoteTestNG.main(RemoteTestNG.java:77) [testng-remote.jar:?]
2025-10-16 17:39:18 INFO  [main] listeners - Test Started: Register
2025-10-16 17:39:18 INFO  [main] RegistrationPageTest - Registration start.....!
2025-10-16 17:39:25 INFO  [main] listeners - Test Passed: Register
2025-10-16 17:39:25 INFO  [main] listeners - Test Started: Register
2025-10-16 17:39:25 INFO  [main] RegistrationPageTest - Registration start.....!
2025-10-16 17:39:28 INFO  [main] listeners - Test Passed: Register
2025-10-16 17:39:38 INFO  [main] listeners - Test Started: login
2025-10-16 17:39:40 INFO  [main] listeners - Test Passed: login
2025-10-16 17:39:40 INFO  [main] listeners - Test Suite Finished: Chrome
